gpasm-1.4.0 #1106 (Oct  6 2014) obj\Debug\dig   1-13-2021  14:26:31         PAGE  1


LOC    OBJECT CODE    LINE  SOURCE TEXT
  VALUE

                      00001 ;--------------------------------------------------------
                      00002 ; File Created by SDCC : free open source ANSI-C Compiler
                      00003 ; Version 3.5.0 #9253 (Jun 20 2015) (MINGW32)
                      00004 ; This file was generated Wed Jan 13 14:26:31 2021
                      00005 ;--------------------------------------------------------
                      00006 ; PIC port for the 14-bit core
                      00007 ;--------------------------------------------------------
                      00008         .file   "digital_clock.c"
                      00009         list    p=16f877a
                      00010         radix dec
                      00011         include "p16f877a.inc"
                      00001         LIST
                      00002 
                      00003 ;==========================================================================
                      00004 ; Build date : Aug 07 2014
                      00005 ;  MPASM PIC16F877A processor include
                      00006 ; 
                      00007 ;  (c) Copyright 1999-2014 Microchip Technology, All rights reserved
                      00008 ;==========================================================================
                      00009 
                      00567         LIST
                      00012 ;--------------------------------------------------------
                      00013 ; config word(s)
                      00014 ;--------------------------------------------------------
2007   0000           00015         __config 0x3f32
                      00016 ;--------------------------------------------------------
                      00017 ; external declarations
                      00018 ;--------------------------------------------------------
  0000                00019         extern  _PB_Init
  0000                00020         extern  _PB_Update
  0000                00021         extern  _PB_GetState
  0000                00022         extern  _CNT_Init
  0000                00023         extern  _CNT_Update
  0000                00024         extern  _CNT_IncSeconds
  0000                00025         extern  _CNT_toggleLed
  0000                00026         extern  _SSD_Init
  0000                00027         extern  _SSD_Update
  0000                00028         extern  _SSD_SetSymbol
  0000                00029         extern  _SSD_SetState
  0000                00030         extern  _SSD_SetMode
  0000                00031         extern  _SSD_DisplayToggle
  0000                00032         extern  _SSD_SetLed
  0000                00033         extern  _SSD_getCurrentSSD
  0000                00034         extern  _SSD_GetSymbol
  0000                00035         extern  _SSD_GetState
  0000                00036         extern  _TMR0_Init
  0000                00037         extern  _TMR0_Update
  0000                00038         extern  _TMR0_Start
  0000                00039         extern  _STATUSbits
  0000                00040         extern  _PORTAbits
  0000                00041         extern  _PORTBbits
  0000                00042         extern  _PORTCbits
  0000                00043         extern  _PORTDbits
gpasm-1.4.0 #1106 (Oct  6 2014) obj\Debug\dig   1-13-2021  14:26:31         PAGE  2


LOC    OBJECT CODE    LINE  SOURCE TEXT
  VALUE

  0000                00044         extern  _PORTEbits
  0000                00045         extern  _INTCONbits
  0000                00046         extern  _PIR1bits
  0000                00047         extern  _PIR2bits
  0000                00048         extern  _T1CONbits
  0000                00049         extern  _T2CONbits
  0000                00050         extern  _SSPCONbits
  0000                00051         extern  _CCP1CONbits
  0000                00052         extern  _RCSTAbits
  0000                00053         extern  _CCP2CONbits
  0000                00054         extern  _ADCON0bits
  0000                00055         extern  _OPTION_REGbits
  0000                00056         extern  _TRISAbits
  0000                00057         extern  _TRISBbits
  0000                00058         extern  _TRISCbits
  0000                00059         extern  _TRISDbits
  0000                00060         extern  _TRISEbits
  0000                00061         extern  _PIE1bits
  0000                00062         extern  _PIE2bits
  0000                00063         extern  _PCONbits
  0000                00064         extern  _SSPCON2bits
  0000                00065         extern  _SSPSTATbits
  0000                00066         extern  _TXSTAbits
  0000                00067         extern  _CMCONbits
  0000                00068         extern  _CVRCONbits
  0000                00069         extern  _ADCON1bits
  0000                00070         extern  _EECON1bits
  0000                00071         extern  _INDF
  0000                00072         extern  _TMR0
  0000                00073         extern  _PCL
  0000                00074         extern  _STATUS
  0000                00075         extern  _FSR
  0000                00076         extern  _PORTA
  0000                00077         extern  _PORTB
  0000                00078         extern  _PORTC
  0000                00079         extern  _PORTD
  0000                00080         extern  _PORTE
  0000                00081         extern  _PCLATH
  0000                00082         extern  _INTCON
  0000                00083         extern  _PIR1
  0000                00084         extern  _PIR2
  0000                00085         extern  _TMR1
  0000                00086         extern  _TMR1L
  0000                00087         extern  _TMR1H
  0000                00088         extern  _T1CON
  0000                00089         extern  _TMR2
  0000                00090         extern  _T2CON
  0000                00091         extern  _SSPBUF
  0000                00092         extern  _SSPCON
  0000                00093         extern  _CCPR1
  0000                00094         extern  _CCPR1L
  0000                00095         extern  _CCPR1H
  0000                00096         extern  _CCP1CON
gpasm-1.4.0 #1106 (Oct  6 2014) obj\Debug\dig   1-13-2021  14:26:31         PAGE  3


LOC    OBJECT CODE    LINE  SOURCE TEXT
  VALUE

  0000                00097         extern  _RCSTA
  0000                00098         extern  _TXREG
  0000                00099         extern  _RCREG
  0000                00100         extern  _CCPR2
  0000                00101         extern  _CCPR2L
  0000                00102         extern  _CCPR2H
  0000                00103         extern  _CCP2CON
  0000                00104         extern  _ADRESH
  0000                00105         extern  _ADCON0
  0000                00106         extern  _OPTION_REG
  0000                00107         extern  _TRISA
  0000                00108         extern  _TRISB
  0000                00109         extern  _TRISC
  0000                00110         extern  _TRISD
  0000                00111         extern  _TRISE
  0000                00112         extern  _PIE1
  0000                00113         extern  _PIE2
  0000                00114         extern  _PCON
  0000                00115         extern  _SSPCON2
  0000                00116         extern  _PR2
  0000                00117         extern  _SSPADD
  0000                00118         extern  _SSPSTAT
  0000                00119         extern  _TXSTA
  0000                00120         extern  _SPBRG
  0000                00121         extern  _CMCON
  0000                00122         extern  _CVRCON
  0000                00123         extern  _ADRESL
  0000                00124         extern  _ADCON1
  0000                00125         extern  _EEDATA
  0000                00126         extern  _EEADR
  0000                00127         extern  _EEDATH
  0000                00128         extern  _EEADRH
  0000                00129         extern  _EECON1
  0000                00130         extern  _EECON2
  0000                00131         extern  __sdcc_gsinit_startup
                      00132 ;--------------------------------------------------------
                      00133 ; global declarations
                      00134 ;--------------------------------------------------------
  0000                00135         global  _main
                      00136 
  0000                00137         global PSAVE
  0000                00138         global SSAVE
  0000                00139         global WSAVE
  0000                00140         global STK12
  0000                00141         global STK11
  0000                00142         global STK10
  0000                00143         global STK09
  0000                00144         global STK08
  0000                00145         global STK07
  0000                00146         global STK06
  0000                00147         global STK05
  0000                00148         global STK04
  0000                00149         global STK03
gpasm-1.4.0 #1106 (Oct  6 2014) obj\Debug\dig   1-13-2021  14:26:31         PAGE  4


LOC    OBJECT CODE    LINE  SOURCE TEXT
  VALUE

  0000                00150         global STK02
  0000                00151         global STK01
  0000                00152         global STK00
                      00153 
                      00154 sharebank udata_ovr 0x0070
0070                  00155 PSAVE   res 1
0071                  00156 SSAVE   res 1
0072                  00157 WSAVE   res 1
0073                  00158 STK12   res 1
0074                  00159 STK11   res 1
0075                  00160 STK10   res 1
0076                  00161 STK09   res 1
0077                  00162 STK08   res 1
0078                  00163 STK07   res 1
0079                  00164 STK06   res 1
007A                  00165 STK05   res 1
007B                  00166 STK04   res 1
007C                  00167 STK03   res 1
007D                  00168 STK02   res 1
007E                  00169 STK01   res 1
007F                  00170 STK00   res 1
                      00171 
                      00172 ;--------------------------------------------------------
                      00173 ; global definitions
                      00174 ;--------------------------------------------------------
                      00175 ;--------------------------------------------------------
                      00176 ; absolute symbol definitions
                      00177 ;--------------------------------------------------------
                      00178 ;--------------------------------------------------------
                      00179 ; compiler-defined variables
                      00180 ;--------------------------------------------------------
                      00181 ;--------------------------------------------------------
                      00182 ; initialized data
                      00183 ;--------------------------------------------------------
                      00184 ;--------------------------------------------------------
                      00185 ; overlayable items in internal ram 
                      00186 ;--------------------------------------------------------
                      00187 ;       udata_ovr
                      00188 ;--------------------------------------------------------
                      00189 ; reset vector 
                      00190 ;--------------------------------------------------------
                      00191 STARTUP code 0x0000
0000   0000           00192         nop
0001   ???? ????      00193         pagesel __sdcc_gsinit_startup
0003   2???           00194         goto    __sdcc_gsinit_startup
                      00195 ;--------------------------------------------------------
                      00196 ; code
                      00197 ;--------------------------------------------------------
                      00198 code_digital_clock      code
                      00199 ;***
                      00200 ;  pBlock Stats: dbName = M
                      00201 ;***
                      00202 ;entry:  _main  ;Function start
gpasm-1.4.0 #1106 (Oct  6 2014) obj\Debug\dig   1-13-2021  14:26:31         PAGE  5


LOC    OBJECT CODE    LINE  SOURCE TEXT
  VALUE

                      00203 ; 2 exit points
                      00204 ;has an exit
                      00205 ;functions called:
                      00206 ;   _PB_Init
                      00207 ;   _PB_Init
                      00208 ;   _PB_Init
                      00209 ;   _CNT_Init
                      00210 ;   _SSD_Init
                      00211 ;   _SSD_Init
                      00212 ;   _SSD_Init
                      00213 ;   _SSD_Init
                      00214 ;   _TMR0_Init
                      00215 ;   _TMR0_Start
                      00216 ;   _PB_Init
                      00217 ;   _PB_Init
                      00218 ;   _PB_Init
                      00219 ;   _CNT_Init
                      00220 ;   _SSD_Init
                      00221 ;   _SSD_Init
                      00222 ;   _SSD_Init
                      00223 ;   _SSD_Init
                      00224 ;   _TMR0_Init
                      00225 ;   _TMR0_Start
                      00226 ;2 compiler assigned registers:
                      00227 ;   STK00
                      00228 ;   STK01
                      00229 ;; Starting pCode block
                      00230 ;;; /home/sdcc-builder/build/sdcc-build/orig/sdcc/src/pic14/gen.c:2316:resultRemat *{*
                      00231 ;;; /home/sdcc-builder/build/sdcc-build/orig/sdcc/src/pic14/gen.c:2760:genLabel *{*
                      00232 ;; ***  genLabel  2763
                      00233 ;;; /home/sdcc-builder/build/sdcc-build/orig/sdcc/src/pic14/gen.c:2316:resultRemat *{*
                      00234 ;;; /home/sdcc-builder/build/sdcc-build/orig/sdcc/src/pic14/gen.c:2340:genFunction *{*
                      00235 ;; ***  genFunction  2342 curr label offset=0previous max_key=0 
0000                  00236 _main   ;Function start
                      00237 ; 2 exit points
                      00238 ;;; /home/sdcc-builder/build/sdcc-build/orig/sdcc/src/pic14/gen.c:2316:resultRemat *{*
                      00239 ;;; /home/sdcc-builder/build/sdcc-build/orig/sdcc/src/pic14/gen.c:2316:resultRemat *{*
                      00240 ;;; /home/sdcc-builder/build/sdcc-build/orig/sdcc/src/pic14/gen.c:2316:resultRemat *{*
                      00241 ;;; /home/sdcc-builder/build/sdcc-build/orig/sdcc/src/pic14/gen.c:2086:genCall *{*
                      00242 ;; ***  genCall  2088
                      00243 ;;; /home/sdcc-builder/build/sdcc-build/orig/sdcc/src/pic14/gen.c:1801:saveRegisters *{*
                      00244 ;; ***  saveRegisters  1803
                      00245 ;;      2135 left AOP_LIT
                      00246 ;;; /home/sdcc-builder/build/sdcc-build/orig/sdcc/src/pic14/gen.c:1343:mov2w_op *{*
                      00247 ;; >>> /home/sdcc-builder/build/sdcc-build/orig/sdcc/src/pic14/gen.c:1361:mov2w_op
                      00248         .line   14; "digital_clock.c"   PB_Init(PB_PLUS, PB_RELEASED);
0000   3000           00249         MOVLW   0x00
                      00250 ;;      2135 left AOP_LIT
                      00251 ;; >>> /home/sdcc-builder/build/sdcc-build/orig/sdcc/src/pic14/gen.c:2143:genCall
                      00252 ;; ***  popRegFromIdx,1042  , rIdx=0x7f
0001   00??           00253         MOVWF   STK00
                      00254 ;;; /home/sdcc-builder/build/sdcc-build/orig/sdcc/src/pic14/gen.c:1343:mov2w_op *{*
                      00255 ;; >>> /home/sdcc-builder/build/sdcc-build/orig/sdcc/src/pic14/gen.c:1361:mov2w_op
gpasm-1.4.0 #1106 (Oct  6 2014) obj\Debug\dig   1-13-2021  14:26:31         PAGE  6


LOC    OBJECT CODE    LINE  SOURCE TEXT
  VALUE

0002   3000           00256         MOVLW   0x00
                      00257 ;; >>> /home/sdcc-builder/build/sdcc-build/orig/sdcc/src/pic14/gen.c:2173:genCall
0003   ???? ????      00258         PAGESEL _PB_Init
                      00259 ;; >>> /home/sdcc-builder/build/sdcc-build/orig/sdcc/src/pic14/gen.c:2175:genCall
0005   2???           00260         CALL    _PB_Init
                      00261 ;; >>> /home/sdcc-builder/build/sdcc-build/orig/sdcc/src/pic14/gen.c:2181:genCall
0006   ???? ????      00262         PAGESEL $
                      00263 ;;; /home/sdcc-builder/build/sdcc-build/orig/sdcc/src/pic14/gen.c:1845:unsaveRegisters *{*
                      00264 ;; ***  unsaveRegisters  1847
                      00265 ;;; /home/sdcc-builder/build/sdcc-build/orig/sdcc/src/pic14/gen.c:2316:resultRemat *{*
                      00266 ;;; /home/sdcc-builder/build/sdcc-build/orig/sdcc/src/pic14/gen.c:2316:resultRemat *{*
                      00267 ;;; /home/sdcc-builder/build/sdcc-build/orig/sdcc/src/pic14/gen.c:2316:resultRemat *{*
                      00268 ;;; /home/sdcc-builder/build/sdcc-build/orig/sdcc/src/pic14/gen.c:2086:genCall *{*
                      00269 ;; ***  genCall  2088
                      00270 ;;; /home/sdcc-builder/build/sdcc-build/orig/sdcc/src/pic14/gen.c:1801:saveRegisters *{*
                      00271 ;; ***  saveRegisters  1803
                      00272 ;;      2135 left AOP_LIT
                      00273 ;;; /home/sdcc-builder/build/sdcc-build/orig/sdcc/src/pic14/gen.c:1343:mov2w_op *{*
                      00274 ;; >>> /home/sdcc-builder/build/sdcc-build/orig/sdcc/src/pic14/gen.c:1361:mov2w_op
                      00275         .line   15; "digital_clock.c"   PB_Init(PB_MINUS, PB_RELEASED);
0008   3000           00276         MOVLW   0x00
                      00277 ;;      2135 left AOP_LIT
                      00278 ;; >>> /home/sdcc-builder/build/sdcc-build/orig/sdcc/src/pic14/gen.c:2143:genCall
                      00279 ;; ***  popRegFromIdx,1042  , rIdx=0x7f
0009   00??           00280         MOVWF   STK00
                      00281 ;;; /home/sdcc-builder/build/sdcc-build/orig/sdcc/src/pic14/gen.c:1343:mov2w_op *{*
                      00282 ;; >>> /home/sdcc-builder/build/sdcc-build/orig/sdcc/src/pic14/gen.c:1361:mov2w_op
000A   3001           00283         MOVLW   0x01
                      00284 ;; >>> /home/sdcc-builder/build/sdcc-build/orig/sdcc/src/pic14/gen.c:2173:genCall
000B   ???? ????      00285         PAGESEL _PB_Init
                      00286 ;; >>> /home/sdcc-builder/build/sdcc-build/orig/sdcc/src/pic14/gen.c:2175:genCall
000D   2???           00287         CALL    _PB_Init
                      00288 ;; >>> /home/sdcc-builder/build/sdcc-build/orig/sdcc/src/pic14/gen.c:2181:genCall
000E   ???? ????      00289         PAGESEL $
                      00290 ;;; /home/sdcc-builder/build/sdcc-build/orig/sdcc/src/pic14/gen.c:1845:unsaveRegisters *{*
                      00291 ;; ***  unsaveRegisters  1847
                      00292 ;;; /home/sdcc-builder/build/sdcc-build/orig/sdcc/src/pic14/gen.c:2316:resultRemat *{*
                      00293 ;;; /home/sdcc-builder/build/sdcc-build/orig/sdcc/src/pic14/gen.c:2316:resultRemat *{*
                      00294 ;;; /home/sdcc-builder/build/sdcc-build/orig/sdcc/src/pic14/gen.c:2316:resultRemat *{*
                      00295 ;;; /home/sdcc-builder/build/sdcc-build/orig/sdcc/src/pic14/gen.c:2086:genCall *{*
                      00296 ;; ***  genCall  2088
                      00297 ;;; /home/sdcc-builder/build/sdcc-build/orig/sdcc/src/pic14/gen.c:1801:saveRegisters *{*
                      00298 ;; ***  saveRegisters  1803
                      00299 ;;      2135 left AOP_LIT
                      00300 ;;; /home/sdcc-builder/build/sdcc-build/orig/sdcc/src/pic14/gen.c:1343:mov2w_op *{*
                      00301 ;; >>> /home/sdcc-builder/build/sdcc-build/orig/sdcc/src/pic14/gen.c:1361:mov2w_op
                      00302         .line   16; "digital_clock.c"   PB_Init(PB_CHANGE_MODE, PB_RELEASED);
0010   3000           00303         MOVLW   0x00
                      00304 ;;      2135 left AOP_LIT
                      00305 ;; >>> /home/sdcc-builder/build/sdcc-build/orig/sdcc/src/pic14/gen.c:2143:genCall
                      00306 ;; ***  popRegFromIdx,1042  , rIdx=0x7f
0011   00??           00307         MOVWF   STK00
                      00308 ;;; /home/sdcc-builder/build/sdcc-build/orig/sdcc/src/pic14/gen.c:1343:mov2w_op *{*
gpasm-1.4.0 #1106 (Oct  6 2014) obj\Debug\dig   1-13-2021  14:26:31         PAGE  7


LOC    OBJECT CODE    LINE  SOURCE TEXT
  VALUE

                      00309 ;; >>> /home/sdcc-builder/build/sdcc-build/orig/sdcc/src/pic14/gen.c:1361:mov2w_op
0012   3002           00310         MOVLW   0x02
                      00311 ;; >>> /home/sdcc-builder/build/sdcc-build/orig/sdcc/src/pic14/gen.c:2173:genCall
0013   ???? ????      00312         PAGESEL _PB_Init
                      00313 ;; >>> /home/sdcc-builder/build/sdcc-build/orig/sdcc/src/pic14/gen.c:2175:genCall
0015   2???           00314         CALL    _PB_Init
                      00315 ;; >>> /home/sdcc-builder/build/sdcc-build/orig/sdcc/src/pic14/gen.c:2181:genCall
0016   ???? ????      00316         PAGESEL $
                      00317 ;;; /home/sdcc-builder/build/sdcc-build/orig/sdcc/src/pic14/gen.c:1845:unsaveRegisters *{*
                      00318 ;; ***  unsaveRegisters  1847
                      00319 ;;; /home/sdcc-builder/build/sdcc-build/orig/sdcc/src/pic14/gen.c:2316:resultRemat *{*
                      00320 ;;; /home/sdcc-builder/build/sdcc-build/orig/sdcc/src/pic14/gen.c:2316:resultRemat *{*
                      00321 ;;; /home/sdcc-builder/build/sdcc-build/orig/sdcc/src/pic14/gen.c:2316:resultRemat *{*
                      00322 ;;; /home/sdcc-builder/build/sdcc-build/orig/sdcc/src/pic14/gen.c:2316:resultRemat *{*
                      00323 ;;; /home/sdcc-builder/build/sdcc-build/orig/sdcc/src/pic14/gen.c:2086:genCall *{*
                      00324 ;; ***  genCall  2088
                      00325 ;;; /home/sdcc-builder/build/sdcc-build/orig/sdcc/src/pic14/gen.c:1801:saveRegisters *{*
                      00326 ;; ***  saveRegisters  1803
                      00327 ;;      2135 left AOP_LIT
                      00328 ;;; /home/sdcc-builder/build/sdcc-build/orig/sdcc/src/pic14/gen.c:1343:mov2w_op *{*
                      00329 ;; >>> /home/sdcc-builder/build/sdcc-build/orig/sdcc/src/pic14/gen.c:1361:mov2w_op
                      00330         .line   18; "digital_clock.c"   CNT_Init(02,58,00);
0018   3000           00331         MOVLW   0x00
                      00332 ;;      2135 left AOP_LIT
                      00333 ;; >>> /home/sdcc-builder/build/sdcc-build/orig/sdcc/src/pic14/gen.c:2143:genCall
                      00334 ;; ***  popRegFromIdx,1042  , rIdx=0x7e
0019   00??           00335         MOVWF   STK01
                      00336 ;;; /home/sdcc-builder/build/sdcc-build/orig/sdcc/src/pic14/gen.c:1343:mov2w_op *{*
                      00337 ;; >>> /home/sdcc-builder/build/sdcc-build/orig/sdcc/src/pic14/gen.c:1361:mov2w_op
001A   303A           00338         MOVLW   0x3a
                      00339 ;;      2135 left AOP_LIT
                      00340 ;; >>> /home/sdcc-builder/build/sdcc-build/orig/sdcc/src/pic14/gen.c:2143:genCall
                      00341 ;; ***  popRegFromIdx,1042  , rIdx=0x7f
001B   00??           00342         MOVWF   STK00
                      00343 ;;; /home/sdcc-builder/build/sdcc-build/orig/sdcc/src/pic14/gen.c:1343:mov2w_op *{*
                      00344 ;; >>> /home/sdcc-builder/build/sdcc-build/orig/sdcc/src/pic14/gen.c:1361:mov2w_op
001C   3002           00345         MOVLW   0x02
                      00346 ;; >>> /home/sdcc-builder/build/sdcc-build/orig/sdcc/src/pic14/gen.c:2173:genCall
001D   ???? ????      00347         PAGESEL _CNT_Init
                      00348 ;; >>> /home/sdcc-builder/build/sdcc-build/orig/sdcc/src/pic14/gen.c:2175:genCall
001F   2???           00349         CALL    _CNT_Init
                      00350 ;; >>> /home/sdcc-builder/build/sdcc-build/orig/sdcc/src/pic14/gen.c:2181:genCall
0020   ???? ????      00351         PAGESEL $
                      00352 ;;; /home/sdcc-builder/build/sdcc-build/orig/sdcc/src/pic14/gen.c:1845:unsaveRegisters *{*
                      00353 ;; ***  unsaveRegisters  1847
                      00354 ;;; /home/sdcc-builder/build/sdcc-build/orig/sdcc/src/pic14/gen.c:2316:resultRemat *{*
                      00355 ;;; /home/sdcc-builder/build/sdcc-build/orig/sdcc/src/pic14/gen.c:2316:resultRemat *{*
                      00356 ;;; /home/sdcc-builder/build/sdcc-build/orig/sdcc/src/pic14/gen.c:2316:resultRemat *{*
                      00357 ;;; /home/sdcc-builder/build/sdcc-build/orig/sdcc/src/pic14/gen.c:2316:resultRemat *{*
                      00358 ;;; /home/sdcc-builder/build/sdcc-build/orig/sdcc/src/pic14/gen.c:2086:genCall *{*
                      00359 ;; ***  genCall  2088
                      00360 ;;; /home/sdcc-builder/build/sdcc-build/orig/sdcc/src/pic14/gen.c:1801:saveRegisters *{*
                      00361 ;; ***  saveRegisters  1803
gpasm-1.4.0 #1106 (Oct  6 2014) obj\Debug\dig   1-13-2021  14:26:31         PAGE  8


LOC    OBJECT CODE    LINE  SOURCE TEXT
  VALUE

                      00362 ;;      2135 left AOP_LIT
                      00363 ;;; /home/sdcc-builder/build/sdcc-build/orig/sdcc/src/pic14/gen.c:1343:mov2w_op *{*
                      00364 ;; >>> /home/sdcc-builder/build/sdcc-build/orig/sdcc/src/pic14/gen.c:1361:mov2w_op
                      00365         .line   20; "digital_clock.c"   SSD_Init(SSD_L, SSD_OFF, SSD_NULL);
0022   300A           00366         MOVLW   0x0a
                      00367 ;;      2135 left AOP_LIT
                      00368 ;; >>> /home/sdcc-builder/build/sdcc-build/orig/sdcc/src/pic14/gen.c:2143:genCall
                      00369 ;; ***  popRegFromIdx,1042  , rIdx=0x7e
0023   00??           00370         MOVWF   STK01
                      00371 ;;; /home/sdcc-builder/build/sdcc-build/orig/sdcc/src/pic14/gen.c:1343:mov2w_op *{*
                      00372 ;; >>> /home/sdcc-builder/build/sdcc-build/orig/sdcc/src/pic14/gen.c:1361:mov2w_op
0024   3000           00373         MOVLW   0x00
                      00374 ;;      2135 left AOP_LIT
                      00375 ;; >>> /home/sdcc-builder/build/sdcc-build/orig/sdcc/src/pic14/gen.c:2143:genCall
                      00376 ;; ***  popRegFromIdx,1042  , rIdx=0x7f
0025   00??           00377         MOVWF   STK00
                      00378 ;;; /home/sdcc-builder/build/sdcc-build/orig/sdcc/src/pic14/gen.c:1343:mov2w_op *{*
                      00379 ;; >>> /home/sdcc-builder/build/sdcc-build/orig/sdcc/src/pic14/gen.c:1361:mov2w_op
0026   3000           00380         MOVLW   0x00
                      00381 ;; >>> /home/sdcc-builder/build/sdcc-build/orig/sdcc/src/pic14/gen.c:2173:genCall
0027   ???? ????      00382         PAGESEL _SSD_Init
                      00383 ;; >>> /home/sdcc-builder/build/sdcc-build/orig/sdcc/src/pic14/gen.c:2175:genCall
0029   2???           00384         CALL    _SSD_Init
                      00385 ;; >>> /home/sdcc-builder/build/sdcc-build/orig/sdcc/src/pic14/gen.c:2181:genCall
002A   ???? ????      00386         PAGESEL $
                      00387 ;;; /home/sdcc-builder/build/sdcc-build/orig/sdcc/src/pic14/gen.c:1845:unsaveRegisters *{*
                      00388 ;; ***  unsaveRegisters  1847
                      00389 ;;; /home/sdcc-builder/build/sdcc-build/orig/sdcc/src/pic14/gen.c:2316:resultRemat *{*
                      00390 ;;; /home/sdcc-builder/build/sdcc-build/orig/sdcc/src/pic14/gen.c:2316:resultRemat *{*
                      00391 ;;; /home/sdcc-builder/build/sdcc-build/orig/sdcc/src/pic14/gen.c:2316:resultRemat *{*
                      00392 ;;; /home/sdcc-builder/build/sdcc-build/orig/sdcc/src/pic14/gen.c:2316:resultRemat *{*
                      00393 ;;; /home/sdcc-builder/build/sdcc-build/orig/sdcc/src/pic14/gen.c:2086:genCall *{*
                      00394 ;; ***  genCall  2088
                      00395 ;;; /home/sdcc-builder/build/sdcc-build/orig/sdcc/src/pic14/gen.c:1801:saveRegisters *{*
                      00396 ;; ***  saveRegisters  1803
                      00397 ;;      2135 left AOP_LIT
                      00398 ;;; /home/sdcc-builder/build/sdcc-build/orig/sdcc/src/pic14/gen.c:1343:mov2w_op *{*
                      00399 ;; >>> /home/sdcc-builder/build/sdcc-build/orig/sdcc/src/pic14/gen.c:1361:mov2w_op
                      00400         .line   21; "digital_clock.c"   SSD_Init(SSD_M, SSD_OFF, SSD_NULL);
002C   300A           00401         MOVLW   0x0a
                      00402 ;;      2135 left AOP_LIT
                      00403 ;; >>> /home/sdcc-builder/build/sdcc-build/orig/sdcc/src/pic14/gen.c:2143:genCall
                      00404 ;; ***  popRegFromIdx,1042  , rIdx=0x7e
002D   00??           00405         MOVWF   STK01
                      00406 ;;; /home/sdcc-builder/build/sdcc-build/orig/sdcc/src/pic14/gen.c:1343:mov2w_op *{*
                      00407 ;; >>> /home/sdcc-builder/build/sdcc-build/orig/sdcc/src/pic14/gen.c:1361:mov2w_op
002E   3000           00408         MOVLW   0x00
                      00409 ;;      2135 left AOP_LIT
                      00410 ;; >>> /home/sdcc-builder/build/sdcc-build/orig/sdcc/src/pic14/gen.c:2143:genCall
                      00411 ;; ***  popRegFromIdx,1042  , rIdx=0x7f
002F   00??           00412         MOVWF   STK00
                      00413 ;;; /home/sdcc-builder/build/sdcc-build/orig/sdcc/src/pic14/gen.c:1343:mov2w_op *{*
                      00414 ;; >>> /home/sdcc-builder/build/sdcc-build/orig/sdcc/src/pic14/gen.c:1361:mov2w_op
gpasm-1.4.0 #1106 (Oct  6 2014) obj\Debug\dig   1-13-2021  14:26:31         PAGE  9


LOC    OBJECT CODE    LINE  SOURCE TEXT
  VALUE

0030   3001           00415         MOVLW   0x01
                      00416 ;; >>> /home/sdcc-builder/build/sdcc-build/orig/sdcc/src/pic14/gen.c:2173:genCall
0031   ???? ????      00417         PAGESEL _SSD_Init
                      00418 ;; >>> /home/sdcc-builder/build/sdcc-build/orig/sdcc/src/pic14/gen.c:2175:genCall
0033   2???           00419         CALL    _SSD_Init
                      00420 ;; >>> /home/sdcc-builder/build/sdcc-build/orig/sdcc/src/pic14/gen.c:2181:genCall
0034   ???? ????      00421         PAGESEL $
                      00422 ;;; /home/sdcc-builder/build/sdcc-build/orig/sdcc/src/pic14/gen.c:1845:unsaveRegisters *{*
                      00423 ;; ***  unsaveRegisters  1847
                      00424 ;;; /home/sdcc-builder/build/sdcc-build/orig/sdcc/src/pic14/gen.c:2316:resultRemat *{*
                      00425 ;;; /home/sdcc-builder/build/sdcc-build/orig/sdcc/src/pic14/gen.c:2316:resultRemat *{*
                      00426 ;;; /home/sdcc-builder/build/sdcc-build/orig/sdcc/src/pic14/gen.c:2316:resultRemat *{*
                      00427 ;;; /home/sdcc-builder/build/sdcc-build/orig/sdcc/src/pic14/gen.c:2316:resultRemat *{*
                      00428 ;;; /home/sdcc-builder/build/sdcc-build/orig/sdcc/src/pic14/gen.c:2086:genCall *{*
                      00429 ;; ***  genCall  2088
                      00430 ;;; /home/sdcc-builder/build/sdcc-build/orig/sdcc/src/pic14/gen.c:1801:saveRegisters *{*
                      00431 ;; ***  saveRegisters  1803
                      00432 ;;      2135 left AOP_LIT
                      00433 ;;; /home/sdcc-builder/build/sdcc-build/orig/sdcc/src/pic14/gen.c:1343:mov2w_op *{*
                      00434 ;; >>> /home/sdcc-builder/build/sdcc-build/orig/sdcc/src/pic14/gen.c:1361:mov2w_op
                      00435         .line   22; "digital_clock.c"   SSD_Init(SSD_N, SSD_OFF, SSD_NULL);
0036   300A           00436         MOVLW   0x0a
                      00437 ;;      2135 left AOP_LIT
                      00438 ;; >>> /home/sdcc-builder/build/sdcc-build/orig/sdcc/src/pic14/gen.c:2143:genCall
                      00439 ;; ***  popRegFromIdx,1042  , rIdx=0x7e
0037   00??           00440         MOVWF   STK01
                      00441 ;;; /home/sdcc-builder/build/sdcc-build/orig/sdcc/src/pic14/gen.c:1343:mov2w_op *{*
                      00442 ;; >>> /home/sdcc-builder/build/sdcc-build/orig/sdcc/src/pic14/gen.c:1361:mov2w_op
0038   3000           00443         MOVLW   0x00
                      00444 ;;      2135 left AOP_LIT
                      00445 ;; >>> /home/sdcc-builder/build/sdcc-build/orig/sdcc/src/pic14/gen.c:2143:genCall
                      00446 ;; ***  popRegFromIdx,1042  , rIdx=0x7f
0039   00??           00447         MOVWF   STK00
                      00448 ;;; /home/sdcc-builder/build/sdcc-build/orig/sdcc/src/pic14/gen.c:1343:mov2w_op *{*
                      00449 ;; >>> /home/sdcc-builder/build/sdcc-build/orig/sdcc/src/pic14/gen.c:1361:mov2w_op
003A   3002           00450         MOVLW   0x02
                      00451 ;; >>> /home/sdcc-builder/build/sdcc-build/orig/sdcc/src/pic14/gen.c:2173:genCall
003B   ???? ????      00452         PAGESEL _SSD_Init
                      00453 ;; >>> /home/sdcc-builder/build/sdcc-build/orig/sdcc/src/pic14/gen.c:2175:genCall
003D   2???           00454         CALL    _SSD_Init
                      00455 ;; >>> /home/sdcc-builder/build/sdcc-build/orig/sdcc/src/pic14/gen.c:2181:genCall
003E   ???? ????      00456         PAGESEL $
                      00457 ;;; /home/sdcc-builder/build/sdcc-build/orig/sdcc/src/pic14/gen.c:1845:unsaveRegisters *{*
                      00458 ;; ***  unsaveRegisters  1847
                      00459 ;;; /home/sdcc-builder/build/sdcc-build/orig/sdcc/src/pic14/gen.c:2316:resultRemat *{*
                      00460 ;;; /home/sdcc-builder/build/sdcc-build/orig/sdcc/src/pic14/gen.c:2316:resultRemat *{*
                      00461 ;;; /home/sdcc-builder/build/sdcc-build/orig/sdcc/src/pic14/gen.c:2316:resultRemat *{*
                      00462 ;;; /home/sdcc-builder/build/sdcc-build/orig/sdcc/src/pic14/gen.c:2316:resultRemat *{*
                      00463 ;;; /home/sdcc-builder/build/sdcc-build/orig/sdcc/src/pic14/gen.c:2086:genCall *{*
                      00464 ;; ***  genCall  2088
                      00465 ;;; /home/sdcc-builder/build/sdcc-build/orig/sdcc/src/pic14/gen.c:1801:saveRegisters *{*
                      00466 ;; ***  saveRegisters  1803
                      00467 ;;      2135 left AOP_LIT
gpasm-1.4.0 #1106 (Oct  6 2014) obj\Debug\dig   1-13-2021  14:26:31         PAGE 10


LOC    OBJECT CODE    LINE  SOURCE TEXT
  VALUE

                      00468 ;;; /home/sdcc-builder/build/sdcc-build/orig/sdcc/src/pic14/gen.c:1343:mov2w_op *{*
                      00469 ;; >>> /home/sdcc-builder/build/sdcc-build/orig/sdcc/src/pic14/gen.c:1361:mov2w_op
                      00470         .line   23; "digital_clock.c"   SSD_Init(SSD_R, SSD_OFF, SSD_NULL);
0040   300A           00471         MOVLW   0x0a
                      00472 ;;      2135 left AOP_LIT
                      00473 ;; >>> /home/sdcc-builder/build/sdcc-build/orig/sdcc/src/pic14/gen.c:2143:genCall
                      00474 ;; ***  popRegFromIdx,1042  , rIdx=0x7e
0041   00??           00475         MOVWF   STK01
                      00476 ;;; /home/sdcc-builder/build/sdcc-build/orig/sdcc/src/pic14/gen.c:1343:mov2w_op *{*
                      00477 ;; >>> /home/sdcc-builder/build/sdcc-build/orig/sdcc/src/pic14/gen.c:1361:mov2w_op
0042   3000           00478         MOVLW   0x00
                      00479 ;;      2135 left AOP_LIT
                      00480 ;; >>> /home/sdcc-builder/build/sdcc-build/orig/sdcc/src/pic14/gen.c:2143:genCall
                      00481 ;; ***  popRegFromIdx,1042  , rIdx=0x7f
0043   00??           00482         MOVWF   STK00
                      00483 ;;; /home/sdcc-builder/build/sdcc-build/orig/sdcc/src/pic14/gen.c:1343:mov2w_op *{*
                      00484 ;; >>> /home/sdcc-builder/build/sdcc-build/orig/sdcc/src/pic14/gen.c:1361:mov2w_op
0044   3003           00485         MOVLW   0x03
                      00486 ;; >>> /home/sdcc-builder/build/sdcc-build/orig/sdcc/src/pic14/gen.c:2173:genCall
0045   ???? ????      00487         PAGESEL _SSD_Init
                      00488 ;; >>> /home/sdcc-builder/build/sdcc-build/orig/sdcc/src/pic14/gen.c:2175:genCall
0047   2???           00489         CALL    _SSD_Init
                      00490 ;; >>> /home/sdcc-builder/build/sdcc-build/orig/sdcc/src/pic14/gen.c:2181:genCall
0048   ???? ????      00491         PAGESEL $
                      00492 ;;; /home/sdcc-builder/build/sdcc-build/orig/sdcc/src/pic14/gen.c:1845:unsaveRegisters *{*
                      00493 ;; ***  unsaveRegisters  1847
                      00494 ;;; /home/sdcc-builder/build/sdcc-build/orig/sdcc/src/pic14/gen.c:2316:resultRemat *{*
                      00495 ;;; /home/sdcc-builder/build/sdcc-build/orig/sdcc/src/pic14/gen.c:2086:genCall *{*
                      00496 ;; ***  genCall  2088
                      00497 ;;; /home/sdcc-builder/build/sdcc-build/orig/sdcc/src/pic14/gen.c:1801:saveRegisters *{*
                      00498 ;; ***  saveRegisters  1803
                      00499 ;; >>> /home/sdcc-builder/build/sdcc-build/orig/sdcc/src/pic14/gen.c:2173:genCall
                      00500         .line   25; "digital_clock.c"   TMR0_Init();
004A   ???? ????      00501         PAGESEL _TMR0_Init
                      00502 ;; >>> /home/sdcc-builder/build/sdcc-build/orig/sdcc/src/pic14/gen.c:2175:genCall
004C   2???           00503         CALL    _TMR0_Init
                      00504 ;; >>> /home/sdcc-builder/build/sdcc-build/orig/sdcc/src/pic14/gen.c:2181:genCall
004D   ???? ????      00505         PAGESEL $
                      00506 ;;; /home/sdcc-builder/build/sdcc-build/orig/sdcc/src/pic14/gen.c:1845:unsaveRegisters *{*
                      00507 ;; ***  unsaveRegisters  1847
                      00508 ;;; /home/sdcc-builder/build/sdcc-build/orig/sdcc/src/pic14/gen.c:2316:resultRemat *{*
                      00509 ;;; /home/sdcc-builder/build/sdcc-build/orig/sdcc/src/pic14/gen.c:2086:genCall *{*
                      00510 ;; ***  genCall  2088
                      00511 ;;; /home/sdcc-builder/build/sdcc-build/orig/sdcc/src/pic14/gen.c:1801:saveRegisters *{*
                      00512 ;; ***  saveRegisters  1803
                      00513 ;; >>> /home/sdcc-builder/build/sdcc-build/orig/sdcc/src/pic14/gen.c:2173:genCall
                      00514         .line   26; "digital_clock.c"   TMR0_Start();
004F   ???? ????      00515         PAGESEL _TMR0_Start
                      00516 ;; >>> /home/sdcc-builder/build/sdcc-build/orig/sdcc/src/pic14/gen.c:2175:genCall
0051   2???           00517         CALL    _TMR0_Start
                      00518 ;; >>> /home/sdcc-builder/build/sdcc-build/orig/sdcc/src/pic14/gen.c:2181:genCall
0052   ???? ????      00519         PAGESEL $
                      00520 ;;; /home/sdcc-builder/build/sdcc-build/orig/sdcc/src/pic14/gen.c:1845:unsaveRegisters *{*
gpasm-1.4.0 #1106 (Oct  6 2014) obj\Debug\dig   1-13-2021  14:26:31         PAGE 11


LOC    OBJECT CODE    LINE  SOURCE TEXT
  VALUE

                      00521 ;; ***  unsaveRegisters  1847
                      00522 ;;; /home/sdcc-builder/build/sdcc-build/orig/sdcc/src/pic14/gen.c:2316:resultRemat *{*
                      00523 ;;; /home/sdcc-builder/build/sdcc-build/orig/sdcc/src/pic14/gen.c:2760:genLabel *{*
                      00524 ;; ***  genLabel  2763
                      00525 ;;; /home/sdcc-builder/build/sdcc-build/orig/sdcc/src/pic14/gen.c:2316:resultRemat *{*
                      00526 ;;; /home/sdcc-builder/build/sdcc-build/orig/sdcc/src/pic14/gen.c:2778:genGoto *{*
                      00527 ;; >>> /home/sdcc-builder/build/sdcc-build/orig/sdcc/src/pic14/gen.c:2780:genGoto
                      00528 ;; ***  popGetLabel  key=2, label offset 4
0054                  00529 _00106_DS_
                      00530         .line   28; "digital_clock.c"   while(1)
0054   2???           00531         GOTO    _00106_DS_
                      00532 ;;; /home/sdcc-builder/build/sdcc-build/orig/sdcc/src/pic14/gen.c:2316:resultRemat *{*
                      00533 ;;; /home/sdcc-builder/build/sdcc-build/orig/sdcc/src/pic14/gen.c:2760:genLabel *{*
                      00534 ;; ***  genLabel  2763
                      00535 ;;; /home/sdcc-builder/build/sdcc-build/orig/sdcc/src/pic14/gen.c:2316:resultRemat *{*
                      00536 ;;; /home/sdcc-builder/build/sdcc-build/orig/sdcc/src/pic14/gen.c:2528:genEndFunction *{*
                      00537 ;; ***  genEndFunction  2530
0055   0008           00538         RETURN  
                      00539 ; exit point of _main
                      00540 
                      00541 
                      00542 ;       code size estimation:
                      00543 ;          46+   20 =    66 instructions (  172 byte)
                      00544 
                      00545         end
gpasm-1.4.0 #1106 (Oct  6 2014) obj\Debug\dig   1-13-2021  14:26:31         PAGE 12


SYMBOL TABLE
  LABEL                             VALUE

ACKDT                             00000005
ACKEN                             00000004
ACKSTAT                           00000006
ADCON0                            0000001F
ADCON1                            0000009F
ADCS0                             00000006
ADCS1                             00000007
ADCS2                             00000006
ADDEN                             00000003
ADFM                              00000007
ADIE                              00000006
ADIF                              00000006
ADON                              00000000
ADRESH                            0000001E
ADRESL                            0000009E
BCLIE                             00000003
BCLIF                             00000003
BF                                00000000
BRGH                              00000002
C                                 00000000
C1INV                             00000004
C1OUT                             00000006
C2INV                             00000005
C2OUT                             00000007
CCP1CON                           00000017
CCP1IE                            00000002
CCP1IF                            00000002
CCP1M0                            00000000
CCP1M1                            00000001
CCP1M2                            00000002
CCP1M3                            00000003
CCP1X                             00000005
CCP1Y                             00000004
CCP2CON                           0000001D
CCP2IE                            00000000
CCP2IF                            00000000
CCP2M0                            00000000
CCP2M1                            00000001
CCP2M2                            00000002
CCP2M3                            00000003
CCP2X                             00000005
CCP2Y                             00000004
CCPR1                             00000015
CCPR1H                            00000016
CCPR1L                            00000015
CCPR2                             0000001B
CCPR2H                            0000001C
CCPR2L                            0000001B
CHS0                              00000003
CHS1                              00000004
CHS2                              00000005
CIS                               00000003
CKE                               00000006
gpasm-1.4.0 #1106 (Oct  6 2014) obj\Debug\dig   1-13-2021  14:26:31         PAGE 13


SYMBOL TABLE
  LABEL                             VALUE 

CKP                               00000004
CM0                               00000000
CM1                               00000001
CM2                               00000002
CMCON                             0000009C
CMIE                              00000006
CMIF                              00000006
CREN                              00000004
CSRC                              00000007
CVR0                              00000000
CVR1                              00000001
CVR2                              00000002
CVR3                              00000003
CVRCON                            0000009D
CVREN                             00000007
CVROE                             00000006
CVRR                              00000005
D                                 00000005
DATA_ADDRESS                      00000005
DC                                00000001
D_A                               00000005
D_NOT_A                           00000005
EEADR                             0000010D
EEADRH                            0000010F
EECON1                            0000018C
EECON2                            0000018D
EEDATA                            0000010C
EEDATH                            0000010E
EEIE                              00000004
EEIF                              00000004
EEPGD                             00000007
F                                 00000001
FERR                              00000002
FSR                               00000004
GCEN                              00000007
GIE                               00000007
GO                                00000002
GO_DONE                           00000002
GO_NOT_DONE                       00000002
I2C_DATA                          00000005
I2C_READ                          00000002
I2C_START                         00000003
I2C_STOP                          00000004
IBF                               00000007
IBOV                              00000005
INDF                              00000000
INTCON                            0000000B
INTE                              00000004
INTEDG                            00000006
INTF                              00000001
IRP                               00000007
NOT_A                             00000005
NOT_ADDRESS                       00000005
gpasm-1.4.0 #1106 (Oct  6 2014) obj\Debug\dig   1-13-2021  14:26:31         PAGE 14


SYMBOL TABLE
  LABEL                             VALUE 

NOT_BO                            00000000
NOT_BOR                           00000000
NOT_DONE                          00000002
NOT_PD                            00000003
NOT_POR                           00000001
NOT_RBPU                          00000007
NOT_RC8                           00000006
NOT_T1SYNC                        00000002
NOT_TO                            00000004
NOT_TX8                           00000006
NOT_W                             00000002
NOT_WRITE                         00000002
OBF                               00000006
OERR                              00000001
OPTION_REG                        00000081
P                                 00000004
PCFG0                             00000000
PCFG1                             00000001
PCFG2                             00000002
PCFG3                             00000003
PCL                               00000002
PCLATH                            0000000A
PCON                              0000008E
PEIE                              00000006
PEN                               00000002
PIE1                              0000008C
PIE2                              0000008D
PIR1                              0000000C
PIR2                              0000000D
PORTA                             00000005
PORTB                             00000006
PORTC                             00000007
PORTD                             00000008
PORTE                             00000009
PR2                               00000092
PS0                               00000000
PS1                               00000001
PS2                               00000002
PSA                               00000003
PSAVE                             00000070
PSPIE                             00000007
PSPIF                             00000007
PSPMODE                           00000004
R                                 00000002
RA0                               00000000
RA1                               00000001
RA2                               00000002
RA3                               00000003
RA4                               00000004
RA5                               00000005
RB0                               00000000
RB1                               00000001
RB2                               00000002
gpasm-1.4.0 #1106 (Oct  6 2014) obj\Debug\dig   1-13-2021  14:26:31         PAGE 15


SYMBOL TABLE
  LABEL                             VALUE 

RB3                               00000003
RB4                               00000004
RB5                               00000005
RB6                               00000006
RB7                               00000007
RBIE                              00000003
RBIF                              00000000
RC0                               00000000
RC1                               00000001
RC2                               00000002
RC3                               00000003
RC4                               00000004
RC5                               00000005
RC6                               00000006
RC7                               00000007
RC8_9                             00000006
RC9                               00000006
RCD8                              00000000
RCEN                              00000003
RCIE                              00000005
RCIF                              00000005
RCREG                             0000001A
RCSTA                             00000018
RD                                00000000
RD0                               00000000
RD1                               00000001
RD2                               00000002
RD3                               00000003
RD4                               00000004
RD5                               00000005
RD6                               00000006
RD7                               00000007
RE0                               00000000
RE1                               00000001
RE2                               00000002
READ_WRITE                        00000002
RP0                               00000005
RP1                               00000006
RSEN                              00000001
RX9                               00000006
RX9D                              00000000
R_NOT_W                           00000002
R_W                               00000002
S                                 00000003
SEN                               00000000
SMP                               00000007
SPBRG                             00000099
SPEN                              00000007
SREN                              00000005
SSAVE                             00000071
SSPADD                            00000093
SSPBUF                            00000013
SSPCON                            00000014
gpasm-1.4.0 #1106 (Oct  6 2014) obj\Debug\dig   1-13-2021  14:26:31         PAGE 16


SYMBOL TABLE
  LABEL                             VALUE 

SSPCON2                           00000091
SSPEN                             00000005
SSPIE                             00000003
SSPIF                             00000003
SSPM0                             00000000
SSPM1                             00000001
SSPM2                             00000002
SSPM3                             00000003
SSPOV                             00000006
SSPSTAT                           00000094
STATUS                            00000003
STK00                             0000007F
STK01                             0000007E
STK02                             0000007D
STK03                             0000007C
STK04                             0000007B
STK05                             0000007A
STK06                             00000079
STK07                             00000078
STK08                             00000077
STK09                             00000076
STK10                             00000075
STK11                             00000074
STK12                             00000073
SYNC                              00000004
T0CS                              00000005
T0IE                              00000005
T0IF                              00000002
T0SE                              00000004
T1CKPS0                           00000004
T1CKPS1                           00000005
T1CON                             00000010
T1INSYNC                          00000002
T1OSCEN                           00000003
T1SYNC                            00000002
T2CKPS0                           00000000
T2CKPS1                           00000001
T2CON                             00000012
TMR0                              00000001
TMR0IE                            00000005
TMR0IF                            00000002
TMR1                              0000000E
TMR1CS                            00000001
TMR1H                             0000000F
TMR1IE                            00000000
TMR1IF                            00000000
TMR1L                             0000000E
TMR1ON                            00000000
TMR2                              00000011
TMR2IE                            00000001
TMR2IF                            00000001
TMR2ON                            00000002
TOUTPS0                           00000003
gpasm-1.4.0 #1106 (Oct  6 2014) obj\Debug\dig   1-13-2021  14:26:31         PAGE 17


SYMBOL TABLE
  LABEL                             VALUE 

TOUTPS1                           00000004
TOUTPS2                           00000005
TOUTPS3                           00000006
TRISA                             00000085
TRISA0                            00000000
TRISA1                            00000001
TRISA2                            00000002
TRISA3                            00000003
TRISA4                            00000004
TRISA5                            00000005
TRISB                             00000086
TRISB0                            00000000
TRISB1                            00000001
TRISB2                            00000002
TRISB3                            00000003
TRISB4                            00000004
TRISB5                            00000005
TRISB6                            00000006
TRISB7                            00000007
TRISC                             00000087
TRISC0                            00000000
TRISC1                            00000001
TRISC2                            00000002
TRISC3                            00000003
TRISC4                            00000004
TRISC5                            00000005
TRISC6                            00000006
TRISC7                            00000007
TRISD                             00000088
TRISD0                            00000000
TRISD1                            00000001
TRISD2                            00000002
TRISD3                            00000003
TRISD4                            00000004
TRISD5                            00000005
TRISD6                            00000006
TRISD7                            00000007
TRISE                             00000089
TRISE0                            00000000
TRISE1                            00000001
TRISE2                            00000002
TRMT                              00000001
TX8_9                             00000006
TX9                               00000006
TX9D                              00000000
TXD8                              00000000
TXEN                              00000005
TXIE                              00000004
TXIF                              00000004
TXREG                             00000019
TXSTA                             00000098
UA                                00000001
W                                 00000000
gpasm-1.4.0 #1106 (Oct  6 2014) obj\Debug\dig   1-13-2021  14:26:31         PAGE 18


SYMBOL TABLE
  LABEL                             VALUE 

WCOL                              00000007
WR                                00000001
WREN                              00000002
WRERR                             00000003
WSAVE                             00000072
Z                                 00000002
_00106_DS_                        00000054
_ADCON0                           00000000
_ADCON0bits                       00000000
_ADCON1                           00000000
_ADCON1bits                       00000000
_ADRESH                           00000000
_ADRESL                           00000000
_BODEN_OFF                        00003FBF
_BODEN_ON                         00003FFF
_BOREN_OFF                        00003FBF
_BOREN_ON                         00003FFF
_CCP1CON                          00000000
_CCP1CONbits                      00000000
_CCP2CON                          00000000
_CCP2CONbits                      00000000
_CCPR1                            00000000
_CCPR1H                           00000000
_CCPR1L                           00000000
_CCPR2                            00000000
_CCPR2H                           00000000
_CCPR2L                           00000000
_CMCON                            00000000
_CMCONbits                        00000000
_CNT_IncSeconds                   00000000
_CNT_Init                         00000000
_CNT_Update                       00000000
_CNT_toggleLed                    00000000
_CONFIG                           00002007
_CPD_OFF                          00003FFF
_CPD_ON                           00003EFF
_CP_ALL                           00001FFF
_CP_OFF                           00003FFF
_CP_ON                            00001FFF
_CVRCON                           00000000
_CVRCONbits                       00000000
_DEBUG_OFF                        00003FFF
_DEBUG_ON                         000037FF
_DEVID1                           00002006
_EEADR                            00000000
_EEADRH                           00000000
_EECON1                           00000000
_EECON1bits                       00000000
_EECON2                           00000000
_EEDATA                           00000000
_EEDATH                           00000000
_FOSC_EXTRC                       00003FFF
_FOSC_HS                          00003FFE
gpasm-1.4.0 #1106 (Oct  6 2014) obj\Debug\dig   1-13-2021  14:26:31         PAGE 19


SYMBOL TABLE
  LABEL                             VALUE 

_FOSC_LP                          00003FFC
_FOSC_XT                          00003FFD
_FSR                              00000000
_HS_OSC                           00003FFE
_IDLOC0                           00002000
_IDLOC1                           00002001
_IDLOC2                           00002002
_IDLOC3                           00002003
_INDF                             00000000
_INTCON                           00000000
_INTCONbits                       00000000
_LP_OSC                           00003FFC
_LVP_OFF                          00003F7F
_LVP_ON                           00003FFF
_OPTION_REG                       00000000
_OPTION_REGbits                   00000000
_PB_GetState                      00000000
_PB_Init                          00000000
_PB_Update                        00000000
_PCL                              00000000
_PCLATH                           00000000
_PCON                             00000000
_PCONbits                         00000000
_PIE1                             00000000
_PIE1bits                         00000000
_PIE2                             00000000
_PIE2bits                         00000000
_PIR1                             00000000
_PIR1bits                         00000000
_PIR2                             00000000
_PIR2bits                         00000000
_PORTA                            00000000
_PORTAbits                        00000000
_PORTB                            00000000
_PORTBbits                        00000000
_PORTC                            00000000
_PORTCbits                        00000000
_PORTD                            00000000
_PORTDbits                        00000000
_PORTE                            00000000
_PORTEbits                        00000000
_PR2                              00000000
_PWRTE_OFF                        00003FFF
_PWRTE_ON                         00003FF7
_RCREG                            00000000
_RCSTA                            00000000
_RCSTAbits                        00000000
_RC_OSC                           00003FFF
_SPBRG                            00000000
_SSD_DisplayToggle                00000000
_SSD_GetState                     00000000
_SSD_GetSymbol                    00000000
_SSD_Init                         00000000
gpasm-1.4.0 #1106 (Oct  6 2014) obj\Debug\dig   1-13-2021  14:26:31         PAGE 20


SYMBOL TABLE
  LABEL                             VALUE 

_SSD_SetLed                       00000000
_SSD_SetMode                      00000000
_SSD_SetState                     00000000
_SSD_SetSymbol                    00000000
_SSD_Update                       00000000
_SSD_getCurrentSSD                00000000
_SSPADD                           00000000
_SSPBUF                           00000000
_SSPCON                           00000000
_SSPCON2                          00000000
_SSPCON2bits                      00000000
_SSPCONbits                       00000000
_SSPSTAT                          00000000
_SSPSTATbits                      00000000
_STATUS                           00000000
_STATUSbits                       00000000
_T1CON                            00000000
_T1CONbits                        00000000
_T2CON                            00000000
_T2CONbits                        00000000
_TMR0                             00000000
_TMR0_Init                        00000000
_TMR0_Start                       00000000
_TMR0_Update                      00000000
_TMR1                             00000000
_TMR1H                            00000000
_TMR1L                            00000000
_TMR2                             00000000
_TRISA                            00000000
_TRISAbits                        00000000
_TRISB                            00000000
_TRISBbits                        00000000
_TRISC                            00000000
_TRISCbits                        00000000
_TRISD                            00000000
_TRISDbits                        00000000
_TRISE                            00000000
_TRISEbits                        00000000
_TXREG                            00000000
_TXSTA                            00000000
_TXSTAbits                        00000000
_WDTE_OFF                         00003FFB
_WDTE_ON                          00003FFF
_WDT_OFF                          00003FFB
_WDT_ON                           00003FFF
_WRT_1FOURTH                      00003BFF
_WRT_256                          00003DFF
_WRT_HALF                         000039FF
_WRT_OFF                          00003FFF
_XT_OSC                           00003FFD
__16F877A                         00000001
__CODE_END                        00001FFF
__CODE_START                      00000000
gpasm-1.4.0 #1106 (Oct  6 2014) obj\Debug\dig   1-13-2021  14:26:31         PAGE 21


SYMBOL TABLE
  LABEL                             VALUE 

__COMMON_RAM_END                  0000007F
__COMMON_RAM_START                00000070
__EEPROM_END                      000021FF
__EEPROM_START                    00002100
__VECTOR_INT                      00000004
__VECTOR_RESET                    00000000
__sdcc_gsinit_startup             00000000
_code_digital_clock_0006          00000006
_code_digital_clock_000E          0000000E
_code_digital_clock_0016          00000016
_code_digital_clock_0020          00000020
_code_digital_clock_002A          0000002A
_code_digital_clock_0034          00000034
_code_digital_clock_003E          0000003E
_code_digital_clock_0048          00000048
_code_digital_clock_004D          0000004D
_code_digital_clock_0052          00000052
_main                             00000000

Errors   :     0
Warnings :     0 reported,     0 suppressed
Messages :     0 reported,     0 suppressed

