gpasm-1.4.0 #1106 (Oct  6 2014) obj\Debug\tim   6-23-2020  11:52:02         PAGE  1


LOC    OBJECT CODE    LINE  SOURCE TEXT
  VALUE

                      00001 ;--------------------------------------------------------
                      00002 ; File Created by SDCC : free open source ANSI-C Compiler
                      00003 ; Version 3.5.0 #9253 (Jun 20 2015) (MINGW32)
                      00004 ; This file was generated Tue Jun 23 11:52:02 2020
                      00005 ;--------------------------------------------------------
                      00006 ; PIC port for the 14-bit core
                      00007 ;--------------------------------------------------------
                      00008         .file   "timer0.c"
                      00009         list    p=16f877a
                      00010         radix dec
                      00011         include "p16f877a.inc"
                      00001         LIST
                      00002 
                      00003 ;==========================================================================
                      00004 ; Build date : Aug 07 2014
                      00005 ;  MPASM PIC16F877A processor include
                      00006 ; 
                      00007 ;  (c) Copyright 1999-2014 Microchip Technology, All rights reserved
                      00008 ;==========================================================================
                      00009 
                      00567         LIST
                      00012 ;--------------------------------------------------------
                      00013 ; external declarations
                      00014 ;--------------------------------------------------------
  0000                00015         extern  _PB_Init
  0000                00016         extern  _PB_Update
  0000                00017         extern  _PB_GetState
  0000                00018         extern  _CNT_Init
  0000                00019         extern  _CNT_Update
  0000                00020         extern  _SSD_Init
  0000                00021         extern  _SSD_Update
  0000                00022         extern  _SSD_SetSymbol
  0000                00023         extern  _SSD_SetState
  0000                00024         extern  _SSD_GetSymbol
  0000                00025         extern  _SSD_GetState
  0000                00026         extern  _STATUSbits
  0000                00027         extern  _PORTAbits
  0000                00028         extern  _PORTBbits
  0000                00029         extern  _PORTCbits
  0000                00030         extern  _PORTDbits
  0000                00031         extern  _PORTEbits
  0000                00032         extern  _INTCONbits
  0000                00033         extern  _PIR1bits
  0000                00034         extern  _PIR2bits
  0000                00035         extern  _T1CONbits
  0000                00036         extern  _T2CONbits
  0000                00037         extern  _SSPCONbits
  0000                00038         extern  _CCP1CONbits
  0000                00039         extern  _RCSTAbits
  0000                00040         extern  _CCP2CONbits
  0000                00041         extern  _ADCON0bits
  0000                00042         extern  _OPTION_REGbits
  0000                00043         extern  _TRISAbits
gpasm-1.4.0 #1106 (Oct  6 2014) obj\Debug\tim   6-23-2020  11:52:02         PAGE  2


LOC    OBJECT CODE    LINE  SOURCE TEXT
  VALUE

  0000                00044         extern  _TRISBbits
  0000                00045         extern  _TRISCbits
  0000                00046         extern  _TRISDbits
  0000                00047         extern  _TRISEbits
  0000                00048         extern  _PIE1bits
  0000                00049         extern  _PIE2bits
  0000                00050         extern  _PCONbits
  0000                00051         extern  _SSPCON2bits
  0000                00052         extern  _SSPSTATbits
  0000                00053         extern  _TXSTAbits
  0000                00054         extern  _CMCONbits
  0000                00055         extern  _CVRCONbits
  0000                00056         extern  _ADCON1bits
  0000                00057         extern  _EECON1bits
  0000                00058         extern  _INDF
  0000                00059         extern  _TMR0
  0000                00060         extern  _PCL
  0000                00061         extern  _STATUS
  0000                00062         extern  _FSR
  0000                00063         extern  _PORTA
  0000                00064         extern  _PORTB
  0000                00065         extern  _PORTC
  0000                00066         extern  _PORTD
  0000                00067         extern  _PORTE
  0000                00068         extern  _PCLATH
  0000                00069         extern  _INTCON
  0000                00070         extern  _PIR1
  0000                00071         extern  _PIR2
  0000                00072         extern  _TMR1
  0000                00073         extern  _TMR1L
  0000                00074         extern  _TMR1H
  0000                00075         extern  _T1CON
  0000                00076         extern  _TMR2
  0000                00077         extern  _T2CON
  0000                00078         extern  _SSPBUF
  0000                00079         extern  _SSPCON
  0000                00080         extern  _CCPR1
  0000                00081         extern  _CCPR1L
  0000                00082         extern  _CCPR1H
  0000                00083         extern  _CCP1CON
  0000                00084         extern  _RCSTA
  0000                00085         extern  _TXREG
  0000                00086         extern  _RCREG
  0000                00087         extern  _CCPR2
  0000                00088         extern  _CCPR2L
  0000                00089         extern  _CCPR2H
  0000                00090         extern  _CCP2CON
  0000                00091         extern  _ADRESH
  0000                00092         extern  _ADCON0
  0000                00093         extern  _OPTION_REG
  0000                00094         extern  _TRISA
  0000                00095         extern  _TRISB
  0000                00096         extern  _TRISC
gpasm-1.4.0 #1106 (Oct  6 2014) obj\Debug\tim   6-23-2020  11:52:02         PAGE  3


LOC    OBJECT CODE    LINE  SOURCE TEXT
  VALUE

  0000                00097         extern  _TRISD
  0000                00098         extern  _TRISE
  0000                00099         extern  _PIE1
  0000                00100         extern  _PIE2
  0000                00101         extern  _PCON
  0000                00102         extern  _SSPCON2
  0000                00103         extern  _PR2
  0000                00104         extern  _SSPADD
  0000                00105         extern  _SSPSTAT
  0000                00106         extern  _TXSTA
  0000                00107         extern  _SPBRG
  0000                00108         extern  _CMCON
  0000                00109         extern  _CVRCON
  0000                00110         extern  _ADRESL
  0000                00111         extern  _ADCON1
  0000                00112         extern  _EEDATA
  0000                00113         extern  _EEADR
  0000                00114         extern  _EEDATH
  0000                00115         extern  _EEADRH
  0000                00116         extern  _EECON1
  0000                00117         extern  _EECON2
  0000                00118         extern  ___sdcc_saved_fsr
                      00119 
  0000                00120         extern PSAVE
  0000                00121         extern SSAVE
  0000                00122         extern WSAVE
  0000                00123         extern STK12
  0000                00124         extern STK11
  0000                00125         extern STK10
  0000                00126         extern STK09
  0000                00127         extern STK08
  0000                00128         extern STK07
  0000                00129         extern STK06
  0000                00130         extern STK05
  0000                00131         extern STK04
  0000                00132         extern STK03
  0000                00133         extern STK02
  0000                00134         extern STK01
  0000                00135         extern STK00
                      00136 ;--------------------------------------------------------
                      00137 ; global declarations
                      00138 ;--------------------------------------------------------
  0000                00139         global  _TMR0_Update
  0000                00140         global  _TMR0_Start
  0000                00141         global  _TMR0_Init
                      00142 
                      00143 ;--------------------------------------------------------
                      00144 ; global definitions
                      00145 ;--------------------------------------------------------
                      00146 ;--------------------------------------------------------
                      00147 ; absolute symbol definitions
                      00148 ;--------------------------------------------------------
                      00149 ;--------------------------------------------------------
gpasm-1.4.0 #1106 (Oct  6 2014) obj\Debug\tim   6-23-2020  11:52:02         PAGE  4


LOC    OBJECT CODE    LINE  SOURCE TEXT
  VALUE

                      00150 ; compiler-defined variables
                      00151 ;--------------------------------------------------------
                      00152 UDL_timer0_0    udata
0000                  00153 _TMR0_Update_counter_1_20       res     1
                      00154 ;--------------------------------------------------------
                      00155 ; initialized data
                      00156 ;--------------------------------------------------------
                      00157 ;--------------------------------------------------------
                      00158 ; overlayable items in internal ram 
                      00159 ;--------------------------------------------------------
                      00160 ;       udata_ovr
                      00161 ;--------------------------------------------------------
                      00162 ; interrupt and initialization code
                      00163 ;--------------------------------------------------------
                      00164 c_interrupt     code    0x4
0004                  00165 __sdcc_interrupt
                      00166 ;***
                      00167 ;  pBlock Stats: dbName = I
                      00168 ;***
                      00169 ;entry:  _TMR0_Update   ;Function start
                      00170 ; 0 exit points
                      00171 ;functions called:
                      00172 ;   _PB_Update
                      00173 ;   _CNT_Update
                      00174 ;   _SSD_Update
                      00175 ;   _PB_Update
                      00176 ;   _CNT_Update
                      00177 ;   _SSD_Update
                      00178 ;; Starting pCode block
                      00179 ;;; /home/sdcc-builder/build/sdcc-build/orig/sdcc/src/pic14/gen.c:2316:resultRemat *{*
                      00180 ;;; /home/sdcc-builder/build/sdcc-build/orig/sdcc/src/pic14/gen.c:2760:genLabel *{*
                      00181 ;; ***  genLabel  2763
                      00182 ;;; /home/sdcc-builder/build/sdcc-build/orig/sdcc/src/pic14/gen.c:2316:resultRemat *{*
                      00183 ;;; /home/sdcc-builder/build/sdcc-build/orig/sdcc/src/pic14/gen.c:2340:genFunction *{*
                      00184 ;; ***  genFunction  2342 curr label offset=8previous max_key=0 
0004                  00185 _TMR0_Update    ;Function start
                      00186 ; 0 exit points
                      00187 ;; >>> /home/sdcc-builder/build/sdcc-build/orig/sdcc/src/pic14/gen.c:2407:genFunction
                      00188         .line   47; "timer0.c"  void TMR0_Update(void) __interrupt 0 // @ 5 ms
0004   00??           00189         MOVWF   WSAVE
                      00190 ;; >>> /home/sdcc-builder/build/sdcc-build/orig/sdcc/src/pic14/gen.c:2408:genFunction
0005   0E03           00191         SWAPF   STATUS,W
                      00192 ;; >>> /home/sdcc-builder/build/sdcc-build/orig/sdcc/src/pic14/gen.c:2413:genFunction
0006   0183           00193         CLRF    STATUS
                      00194 ;; >>> /home/sdcc-builder/build/sdcc-build/orig/sdcc/src/pic14/gen.c:2414:genFunction
0007   00??           00195         MOVWF   SSAVE
                      00196 ;; >>> /home/sdcc-builder/build/sdcc-build/orig/sdcc/src/pic14/gen.c:2416:genFunction
0008   080A           00197         MOVF    PCLATH,W
                      00198 ;; >>> /home/sdcc-builder/build/sdcc-build/orig/sdcc/src/pic14/gen.c:2418:genFunction
0009   018A           00199         CLRF    PCLATH
                      00200 ;; >>> /home/sdcc-builder/build/sdcc-build/orig/sdcc/src/pic14/gen.c:2419:genFunction
000A   00??           00201         MOVWF   PSAVE
                      00202 ;; >>> /home/sdcc-builder/build/sdcc-build/orig/sdcc/src/pic14/gen.c:2421:genFunction
gpasm-1.4.0 #1106 (Oct  6 2014) obj\Debug\tim   6-23-2020  11:52:02         PAGE  5


LOC    OBJECT CODE    LINE  SOURCE TEXT
  VALUE

000B   0804           00203         MOVF    FSR,W
                      00204 ;; >>> /home/sdcc-builder/build/sdcc-build/orig/sdcc/src/pic14/gen.c:2422:genFunction
000C   ???? ????      00205         BANKSEL ___sdcc_saved_fsr
000E   00??           00206         MOVWF   ___sdcc_saved_fsr
                      00207 ;;; /home/sdcc-builder/build/sdcc-build/orig/sdcc/src/pic14/gen.c:2316:resultRemat *{*
                      00208 ;; ***  genPlus  611
                      00209 ;;; /home/sdcc-builder/build/sdcc-build/orig/sdcc/src/pic14/genarith.c:612:genPlus *{*
                      00210 ;; ***  aopForSym 315
                      00211 ;;      327 sym->rname = _TMR0_Update_counter_1_20, size = 1
                      00212 ;;      575
                      00213 ;;      line = 618 result AOP_DIR=_TMR0_Update_counter_1_20, size=1, left AOP_DIR=_TMR0_Update_counter_1
                            _20, size=1, right AOP_LIT=0x05, size=1
                      00214 ;;; /home/sdcc-builder/build/sdcc-build/orig/sdcc/src/pic14/genarith.c:142:genPlusIncr *{*
                      00215 ;; ***  genPlusIncr  144
                      00216 ;;      result AOP_DIR, left AOP_DIR, right AOP_LIT
                      00217 ;;      genPlusIncr  156
                      00218 ;;      adding lit to something. size 1
                      00219 ;;; /home/sdcc-builder/build/sdcc-build/orig/sdcc/src/pic14/genarith.c:269:genAddLit *{*
                      00220 ;; ***  genAddLit  270
                      00221 ;;; /home/sdcc-builder/build/sdcc-build/orig/sdcc/src/pic14/genarith.c:233:genAddLit2byte *{*
                      00222 ;; >>> /home/sdcc-builder/build/sdcc-build/orig/sdcc/src/pic14/genarith.c:245:genAddLit2byte
                      00223         .line   51; "timer0.c"  counter = counter + TMR0_TICK_MS;
000F   3005           00224         MOVLW   0x05
                      00225 ;; >>> /home/sdcc-builder/build/sdcc-build/orig/sdcc/src/pic14/genarith.c:246:genAddLit2byte
                      00226 ;;      1009
                      00227 ;;      1028  _TMR0_Update_counter_1_20   offset=0
0010   ???? ????      00228         BANKSEL _TMR0_Update_counter_1_20
0012   07??           00229         ADDWF   _TMR0_Update_counter_1_20,F
                      00230 ;; ***  addSign  861
                      00231 ;;; /home/sdcc-builder/build/sdcc-build/orig/sdcc/src/pic14/genarith.c:862:addSign *{*
                      00232 ;;; /home/sdcc-builder/build/sdcc-build/orig/sdcc/src/pic14/gen.c:2316:resultRemat *{*
                      00233 ;;; /home/sdcc-builder/build/sdcc-build/orig/sdcc/src/pic14/gen.c:3619:genCmpEq *{*
                      00234 ;; ***  genCmpEq  3620
                      00235 ;; ifx is non-null
                      00236 ;; ***  aopForSym 315
                      00237 ;;      327 sym->rname = _TMR0_Update_counter_1_20, size = 1
                      00238 ;;      line = 3631 result AOP_CRY=0x00, size=0, left AOP_DIR=_TMR0_Update_counter_1_20, size=1, right A
                            OP_LIT=0x14, size=1
                      00239 ;; ***  mov2w  1381  offset=0
                      00240 ;; >>> /home/sdcc-builder/build/sdcc-build/orig/sdcc/src/pic14/gen.c:1386:mov2w
                      00241 ;;      1009
                      00242 ;;      1028  _TMR0_Update_counter_1_20   offset=0
                      00243         .line   54; "timer0.c"  if (counter == 20)
0013   08??           00244         MOVF    _TMR0_Update_counter_1_20,W
                      00245 ;; >>> /home/sdcc-builder/build/sdcc-build/orig/sdcc/src/pic14/gen.c:3685:genCmpEq
0014   3A14           00246         XORLW   0x14
                      00247 ;; >>> /home/sdcc-builder/build/sdcc-build/orig/sdcc/src/pic14/gen.c:3687:genCmpEq
0015   1D03           00248         BTFSS   STATUS,2
                      00249 ;; >>> /home/sdcc-builder/build/sdcc-build/orig/sdcc/src/pic14/gen.c:3690:genCmpEq
                      00250 ;; ***  popGetLabel  key=2, label offset 12
0016   2???           00251         GOTO    _00114_DS_
                      00252 ;;; /home/sdcc-builder/build/sdcc-build/orig/sdcc/src/pic14/gen.c:2316:resultRemat *{*
                      00253 ;;; /home/sdcc-builder/build/sdcc-build/orig/sdcc/src/pic14/gen.c:2316:resultRemat *{*
gpasm-1.4.0 #1106 (Oct  6 2014) obj\Debug\tim   6-23-2020  11:52:02         PAGE  6


LOC    OBJECT CODE    LINE  SOURCE TEXT
  VALUE

                      00254 ;;; /home/sdcc-builder/build/sdcc-build/orig/sdcc/src/pic14/gen.c:2086:genCall *{*
                      00255 ;; ***  genCall  2088
                      00256 ;;; /home/sdcc-builder/build/sdcc-build/orig/sdcc/src/pic14/gen.c:1801:saveRegisters *{*
                      00257 ;; ***  saveRegisters  1803
                      00258 ;; >>> /home/sdcc-builder/build/sdcc-build/orig/sdcc/src/pic14/gen.c:2173:genCall
                      00259         .line   56; "timer0.c"  PB_Update(); // @ 20 ms
0017   ???? ????      00260         PAGESEL _PB_Update
                      00261 ;; >>> /home/sdcc-builder/build/sdcc-build/orig/sdcc/src/pic14/gen.c:2175:genCall
0019   2???           00262         CALL    _PB_Update
                      00263 ;; >>> /home/sdcc-builder/build/sdcc-build/orig/sdcc/src/pic14/gen.c:2181:genCall
001A   ???? ????      00264         PAGESEL $
                      00265 ;;; /home/sdcc-builder/build/sdcc-build/orig/sdcc/src/pic14/gen.c:1845:unsaveRegisters *{*
                      00266 ;; ***  unsaveRegisters  1847
                      00267 ;;; /home/sdcc-builder/build/sdcc-build/orig/sdcc/src/pic14/gen.c:2316:resultRemat *{*
                      00268 ;;; /home/sdcc-builder/build/sdcc-build/orig/sdcc/src/pic14/gen.c:2086:genCall *{*
                      00269 ;; ***  genCall  2088
                      00270 ;;; /home/sdcc-builder/build/sdcc-build/orig/sdcc/src/pic14/gen.c:1801:saveRegisters *{*
                      00271 ;; ***  saveRegisters  1803
                      00272 ;; >>> /home/sdcc-builder/build/sdcc-build/orig/sdcc/src/pic14/gen.c:2173:genCall
                      00273         .line   57; "timer0.c"  CNT_Update();// @ 20 ms
001C   ???? ????      00274         PAGESEL _CNT_Update
                      00275 ;; >>> /home/sdcc-builder/build/sdcc-build/orig/sdcc/src/pic14/gen.c:2175:genCall
001E   2???           00276         CALL    _CNT_Update
                      00277 ;; >>> /home/sdcc-builder/build/sdcc-build/orig/sdcc/src/pic14/gen.c:2181:genCall
001F   ???? ????      00278         PAGESEL $
                      00279 ;;; /home/sdcc-builder/build/sdcc-build/orig/sdcc/src/pic14/gen.c:1845:unsaveRegisters *{*
                      00280 ;; ***  unsaveRegisters  1847
                      00281 ;;; /home/sdcc-builder/build/sdcc-build/orig/sdcc/src/pic14/gen.c:2316:resultRemat *{*
                      00282 ;;; /home/sdcc-builder/build/sdcc-build/orig/sdcc/src/pic14/gen.c:6927:genAssign *{*
                      00283 ;; ***  genAssign  6928
                      00284 ;; ***  aopForSym 315
                      00285 ;;      327 sym->rname = _TMR0_Update_counter_1_20, size = 1
                      00286 ;;      line = 6937 result AOP_DIR=_TMR0_Update_counter_1_20, size=1, left -=-, size=0, right AOP_LIT=0x
                            00, size=1
                      00287 ;; ***  genAssign  7023
                      00288 ;; >>> /home/sdcc-builder/build/sdcc-build/orig/sdcc/src/pic14/gen.c:7035:genAssign
                      00289 ;;      1009
                      00290 ;;      1028  _TMR0_Update_counter_1_20   offset=0
                      00291         .line   58; "timer0.c"  counter = 0;
0021   ???? ????      00292         BANKSEL _TMR0_Update_counter_1_20
0023   01??           00293         CLRF    _TMR0_Update_counter_1_20
                      00294 ;;; /home/sdcc-builder/build/sdcc-build/orig/sdcc/src/pic14/gen.c:2316:resultRemat *{*
                      00295 ;;; /home/sdcc-builder/build/sdcc-build/orig/sdcc/src/pic14/gen.c:2760:genLabel *{*
                      00296 ;; ***  genLabel  2763
                      00297 ;;; /home/sdcc-builder/build/sdcc-build/orig/sdcc/src/pic14/gen.c:2316:resultRemat *{*
                      00298 ;;; /home/sdcc-builder/build/sdcc-build/orig/sdcc/src/pic14/gen.c:2086:genCall *{*
                      00299 ;; ***  genCall  2088
                      00300 ;;; /home/sdcc-builder/build/sdcc-build/orig/sdcc/src/pic14/gen.c:1801:saveRegisters *{*
                      00301 ;; ***  saveRegisters  1803
                      00302 ;; >>> /home/sdcc-builder/build/sdcc-build/orig/sdcc/src/pic14/gen.c:2173:genCall
0024                  00303 _00114_DS_
                      00304         .line   61; "timer0.c"  SSD_Update();// @ 5 ms
0024   ???? ????      00305         PAGESEL _SSD_Update
gpasm-1.4.0 #1106 (Oct  6 2014) obj\Debug\tim   6-23-2020  11:52:02         PAGE  7


LOC    OBJECT CODE    LINE  SOURCE TEXT
  VALUE

                      00306 ;; >>> /home/sdcc-builder/build/sdcc-build/orig/sdcc/src/pic14/gen.c:2175:genCall
0026   2???           00307         CALL    _SSD_Update
                      00308 ;; >>> /home/sdcc-builder/build/sdcc-build/orig/sdcc/src/pic14/gen.c:2181:genCall
0027   ???? ????      00309         PAGESEL $
                      00310 ;;; /home/sdcc-builder/build/sdcc-build/orig/sdcc/src/pic14/gen.c:1845:unsaveRegisters *{*
                      00311 ;; ***  unsaveRegisters  1847
                      00312 ;;; /home/sdcc-builder/build/sdcc-build/orig/sdcc/src/pic14/gen.c:2316:resultRemat *{*
                      00313 ;;; /home/sdcc-builder/build/sdcc-build/orig/sdcc/src/pic14/gen.c:2316:resultRemat *{*
                      00314 ;;; /home/sdcc-builder/build/sdcc-build/orig/sdcc/src/pic14/gen.c:6686:genPointerSet *{*
                      00315 ;; ***  genPointerSet  6687
                      00316 ;;; /home/sdcc-builder/build/sdcc-build/orig/sdcc/src/pic14/gen.c:6505:genNearPointerSet *{*
                      00317 ;; ***  genNearPointerSet  6506
                      00318 ;;      613
                      00319 ;;      aopForRemat 392
                      00320 ;;      418: rname _INTCONbits, val 0, const = 0
                      00321 ;; ***  genNearPointerSet  6521
                      00322 ;;      833: aopGet AOP_PCODE type PO_IMMEDIATE
                      00323 ;;      _INTCONbits
                      00324 ;;      line = 6523 result AOP_PCODE=_INTCONbits, size=2, left -=-, size=0, right AOP_LIT=0x00, size=1
                      00325 ;;; /home/sdcc-builder/build/sdcc-build/orig/sdcc/src/pic14/gen.c:6249:genPackBits *{*
                      00326 ;; ***  genPackBits  6250
                      00327 ;;      833: aopGet AOP_PCODE type PO_IMMEDIATE
                      00328 ;;      _INTCONbits
                      00329 ;; >>> /home/sdcc-builder/build/sdcc-build/orig/sdcc/src/pic14/gen.c:6275:genPackBits
                      00330         .line   63; "timer0.c"  TMR0_CLEAR_FLAG();
0029   ???? ????      00331         BANKSEL _INTCONbits
002B   11??           00332         BCF     _INTCONbits,2
                      00333 ;;; /home/sdcc-builder/build/sdcc-build/orig/sdcc/src/pic14/gen.c:2316:resultRemat *{*
                      00334 ;;; /home/sdcc-builder/build/sdcc-build/orig/sdcc/src/pic14/gen.c:6927:genAssign *{*
                      00335 ;; ***  genAssign  6928
                      00336 ;; ***  aopForSym 315
                      00337 ;;      327 sym->rname = _TMR0, size = 1
                      00338 ;;      line = 6937 result AOP_DIR=_TMR0, size=1, left -=-, size=0, right AOP_LIT=0xd8, size=1
                      00339 ;; ***  genAssign  7023
                      00340 ;; >>> /home/sdcc-builder/build/sdcc-build/orig/sdcc/src/pic14/gen.c:7030:genAssign
                      00341         .line   64; "timer0.c"  TMR0_SET_TIME_MS(TMR0_TICK_MS);
002C   30D8           00342         MOVLW   0xd8
                      00343 ;; >>> /home/sdcc-builder/build/sdcc-build/orig/sdcc/src/pic14/gen.c:7032:genAssign
                      00344 ;;      1009
                      00345 ;;      1028  _TMR0   offset=0
002D   00??           00346         MOVWF   _TMR0
                      00347 ;;; /home/sdcc-builder/build/sdcc-build/orig/sdcc/src/pic14/gen.c:2316:resultRemat *{*
                      00348 ;;; /home/sdcc-builder/build/sdcc-build/orig/sdcc/src/pic14/gen.c:2683:genRet *{*
                      00349 ;; ***  genRet  2685
                      00350 ;;; /home/sdcc-builder/build/sdcc-build/orig/sdcc/src/pic14/gen.c:2316:resultRemat *{*
                      00351 ;;; /home/sdcc-builder/build/sdcc-build/orig/sdcc/src/pic14/gen.c:2760:genLabel *{*
                      00352 ;; ***  genLabel  2763
                      00353 ;;; /home/sdcc-builder/build/sdcc-build/orig/sdcc/src/pic14/gen.c:2316:resultRemat *{*
                      00354 ;;; /home/sdcc-builder/build/sdcc-build/orig/sdcc/src/pic14/gen.c:2528:genEndFunction *{*
                      00355 ;; ***  genEndFunction  2530
                      00356 ;;; /home/sdcc-builder/build/sdcc-build/orig/sdcc/src/pic14/gen.c:2023:unsaverbank *{*
                      00357 ;; ***  unsaverbank  2025 - WARNING no code generated
                      00358 ;; >>> /home/sdcc-builder/build/sdcc-build/orig/sdcc/src/pic14/gen.c:2622:genEndFunction
gpasm-1.4.0 #1106 (Oct  6 2014) obj\Debug\tim   6-23-2020  11:52:02         PAGE  8


LOC    OBJECT CODE    LINE  SOURCE TEXT
  VALUE

                      00359         .line   66; "timer0.c"  return;
002E   ???? ????      00360         BANKSEL ___sdcc_saved_fsr
0030   08??           00361         MOVF    ___sdcc_saved_fsr,W
                      00362 ;; >>> /home/sdcc-builder/build/sdcc-build/orig/sdcc/src/pic14/gen.c:2623:genEndFunction
0031   1283 1303      00363         BANKSEL FSR
0033   0084           00364         MOVWF   FSR
                      00365 ;; >>> /home/sdcc-builder/build/sdcc-build/orig/sdcc/src/pic14/gen.c:2625:genEndFunction
0034   08??           00366         MOVF    PSAVE,W
                      00367 ;; >>> /home/sdcc-builder/build/sdcc-build/orig/sdcc/src/pic14/gen.c:2626:genEndFunction
0035   008A           00368         MOVWF   PCLATH
                      00369 ;; >>> /home/sdcc-builder/build/sdcc-build/orig/sdcc/src/pic14/gen.c:2627:genEndFunction
0036   0183           00370         CLRF    STATUS
                      00371 ;; >>> /home/sdcc-builder/build/sdcc-build/orig/sdcc/src/pic14/gen.c:2629:genEndFunction
0037   0E??           00372         SWAPF   SSAVE,W
                      00373 ;; >>> /home/sdcc-builder/build/sdcc-build/orig/sdcc/src/pic14/gen.c:2630:genEndFunction
0038   0083           00374         MOVWF   STATUS
                      00375 ;; >>> /home/sdcc-builder/build/sdcc-build/orig/sdcc/src/pic14/gen.c:2631:genEndFunction
0039   0E??           00376         SWAPF   WSAVE,F
                      00377 ;; >>> /home/sdcc-builder/build/sdcc-build/orig/sdcc/src/pic14/gen.c:2632:genEndFunction
003A   0E??           00378         SWAPF   WSAVE,W
003B                  00379 END_OF_INTERRUPT
003B   0009           00380         RETFIE  
                      00381 ;;; /home/sdcc-builder/build/sdcc-build/orig/sdcc/src/pic14/gen.c:7426:genpic14Code *{*
                      00382 
                      00383 ;--------------------------------------------------------
                      00384 ; code
                      00385 ;--------------------------------------------------------
                      00386 code_timer0     code
                      00387 ;***
                      00388 ;  pBlock Stats: dbName = C
                      00389 ;***
                      00390 ;entry:  _TMR0_Start    ;Function start
                      00391 ; 2 exit points
                      00392 ;has an exit
                      00393 ;; Starting pCode block
                      00394 ;;; /home/sdcc-builder/build/sdcc-build/orig/sdcc/src/pic14/gen.c:2316:resultRemat *{*
                      00395 ;;; /home/sdcc-builder/build/sdcc-build/orig/sdcc/src/pic14/gen.c:2760:genLabel *{*
                      00396 ;; ***  genLabel  2763
                      00397 ;;; /home/sdcc-builder/build/sdcc-build/orig/sdcc/src/pic14/gen.c:2316:resultRemat *{*
                      00398 ;;; /home/sdcc-builder/build/sdcc-build/orig/sdcc/src/pic14/gen.c:2340:genFunction *{*
                      00399 ;; ***  genFunction  2342 curr label offset=4previous max_key=0 
0000                  00400 _TMR0_Start     ;Function start
                      00401 ; 2 exit points
                      00402 ;;; /home/sdcc-builder/build/sdcc-build/orig/sdcc/src/pic14/gen.c:2316:resultRemat *{*
                      00403 ;;; /home/sdcc-builder/build/sdcc-build/orig/sdcc/src/pic14/gen.c:2316:resultRemat *{*
                      00404 ;;; /home/sdcc-builder/build/sdcc-build/orig/sdcc/src/pic14/gen.c:6686:genPointerSet *{*
                      00405 ;; ***  genPointerSet  6687
                      00406 ;;; /home/sdcc-builder/build/sdcc-build/orig/sdcc/src/pic14/gen.c:6505:genNearPointerSet *{*
                      00407 ;; ***  genNearPointerSet  6506
                      00408 ;;      613
                      00409 ;;      aopForRemat 392
                      00410 ;;      418: rname _INTCONbits, val 0, const = 0
                      00411 ;; ***  genNearPointerSet  6521
gpasm-1.4.0 #1106 (Oct  6 2014) obj\Debug\tim   6-23-2020  11:52:02         PAGE  9


LOC    OBJECT CODE    LINE  SOURCE TEXT
  VALUE

                      00412 ;;      833: aopGet AOP_PCODE type PO_IMMEDIATE
                      00413 ;;      _INTCONbits
                      00414 ;;      line = 6523 result AOP_PCODE=_INTCONbits, size=2, left -=-, size=0, right AOP_LIT=0x01, size=1
                      00415 ;;; /home/sdcc-builder/build/sdcc-build/orig/sdcc/src/pic14/gen.c:6249:genPackBits *{*
                      00416 ;; ***  genPackBits  6250
                      00417 ;;      833: aopGet AOP_PCODE type PO_IMMEDIATE
                      00418 ;;      _INTCONbits
                      00419 ;; >>> /home/sdcc-builder/build/sdcc-build/orig/sdcc/src/pic14/gen.c:6275:genPackBits
                      00420         .line   41; "timer0.c"  TMR0_SET_INT_STATE(1);
0000   ???? ????      00421         BANKSEL _INTCONbits
0002   16??           00422         BSF     _INTCONbits,5
                      00423 ;;; /home/sdcc-builder/build/sdcc-build/orig/sdcc/src/pic14/gen.c:2316:resultRemat *{*
                      00424 ;;; /home/sdcc-builder/build/sdcc-build/orig/sdcc/src/pic14/gen.c:2316:resultRemat *{*
                      00425 ;;; /home/sdcc-builder/build/sdcc-build/orig/sdcc/src/pic14/gen.c:6686:genPointerSet *{*
                      00426 ;; ***  genPointerSet  6687
                      00427 ;;; /home/sdcc-builder/build/sdcc-build/orig/sdcc/src/pic14/gen.c:6505:genNearPointerSet *{*
                      00428 ;; ***  genNearPointerSet  6506
                      00429 ;;      613
                      00430 ;;      aopForRemat 392
                      00431 ;;      418: rname _INTCONbits, val 0, const = 0
                      00432 ;; ***  genNearPointerSet  6521
                      00433 ;;      833: aopGet AOP_PCODE type PO_IMMEDIATE
                      00434 ;;      _INTCONbits
                      00435 ;;      line = 6523 result AOP_PCODE=_INTCONbits, size=2, left -=-, size=0, right AOP_LIT=0x01, size=1
                      00436 ;;; /home/sdcc-builder/build/sdcc-build/orig/sdcc/src/pic14/gen.c:6249:genPackBits *{*
                      00437 ;; ***  genPackBits  6250
                      00438 ;;      833: aopGet AOP_PCODE type PO_IMMEDIATE
                      00439 ;;      _INTCONbits
                      00440 ;; >>> /home/sdcc-builder/build/sdcc-build/orig/sdcc/src/pic14/gen.c:6275:genPackBits
                      00441         .line   42; "timer0.c"  GIE = 1;
0003   17??           00442         BSF     _INTCONbits,7
                      00443 ;;; /home/sdcc-builder/build/sdcc-build/orig/sdcc/src/pic14/gen.c:2316:resultRemat *{*
                      00444 ;;; /home/sdcc-builder/build/sdcc-build/orig/sdcc/src/pic14/gen.c:2316:resultRemat *{*
                      00445 ;;; /home/sdcc-builder/build/sdcc-build/orig/sdcc/src/pic14/gen.c:6686:genPointerSet *{*
                      00446 ;; ***  genPointerSet  6687
                      00447 ;;; /home/sdcc-builder/build/sdcc-build/orig/sdcc/src/pic14/gen.c:6505:genNearPointerSet *{*
                      00448 ;; ***  genNearPointerSet  6506
                      00449 ;;      613
                      00450 ;;      aopForRemat 392
                      00451 ;;      418: rname _OPTION_REGbits, val 0, const = 0
                      00452 ;; ***  genNearPointerSet  6521
                      00453 ;;      833: aopGet AOP_PCODE type PO_IMMEDIATE
                      00454 ;;      _OPTION_REGbits
                      00455 ;;      line = 6523 result AOP_PCODE=_OPTION_REGbits, size=2, left -=-, size=0, right AOP_LIT=0x00, size
                            =1
                      00456 ;;; /home/sdcc-builder/build/sdcc-build/orig/sdcc/src/pic14/gen.c:6249:genPackBits *{*
                      00457 ;; ***  genPackBits  6250
                      00458 ;;      833: aopGet AOP_PCODE type PO_IMMEDIATE
                      00459 ;;      _OPTION_REGbits
                      00460 ;; >>> /home/sdcc-builder/build/sdcc-build/orig/sdcc/src/pic14/gen.c:6275:genPackBits
                      00461         .line   43; "timer0.c"  TMR0_SELECT_CLOCK_SOURCE(0); // Internal oscillator
0004   ???? ????      00462         BANKSEL _OPTION_REGbits
0006   12??           00463         BCF     _OPTION_REGbits,5
gpasm-1.4.0 #1106 (Oct  6 2014) obj\Debug\tim   6-23-2020  11:52:02         PAGE 10


LOC    OBJECT CODE    LINE  SOURCE TEXT
  VALUE

                      00464 ;;; /home/sdcc-builder/build/sdcc-build/orig/sdcc/src/pic14/gen.c:2316:resultRemat *{*
                      00465 ;;; /home/sdcc-builder/build/sdcc-build/orig/sdcc/src/pic14/gen.c:2316:resultRemat *{*
                      00466 ;;; /home/sdcc-builder/build/sdcc-build/orig/sdcc/src/pic14/gen.c:6686:genPointerSet *{*
                      00467 ;; ***  genPointerSet  6687
                      00468 ;;; /home/sdcc-builder/build/sdcc-build/orig/sdcc/src/pic14/gen.c:6505:genNearPointerSet *{*
                      00469 ;; ***  genNearPointerSet  6506
                      00470 ;;      613
                      00471 ;;      aopForRemat 392
                      00472 ;;      418: rname _OPTION_REGbits, val 0, const = 0
                      00473 ;; ***  genNearPointerSet  6521
                      00474 ;;      833: aopGet AOP_PCODE type PO_IMMEDIATE
                      00475 ;;      _OPTION_REGbits
                      00476 ;;      line = 6523 result AOP_PCODE=_OPTION_REGbits, size=2, left -=-, size=0, right AOP_LIT=0x00, size
                            =1
                      00477 ;;; /home/sdcc-builder/build/sdcc-build/orig/sdcc/src/pic14/gen.c:6249:genPackBits *{*
                      00478 ;; ***  genPackBits  6250
                      00479 ;;      833: aopGet AOP_PCODE type PO_IMMEDIATE
                      00480 ;;      _OPTION_REGbits
                      00481 ;; >>> /home/sdcc-builder/build/sdcc-build/orig/sdcc/src/pic14/gen.c:6275:genPackBits
                      00482         .line   44; "timer0.c"  TMR0_SET_STATE(0);          // TMR0 is on
0007   12??           00483         BCF     _OPTION_REGbits,5
                      00484 ;;; /home/sdcc-builder/build/sdcc-build/orig/sdcc/src/pic14/gen.c:2316:resultRemat *{*
                      00485 ;;; /home/sdcc-builder/build/sdcc-build/orig/sdcc/src/pic14/gen.c:2760:genLabel *{*
                      00486 ;; ***  genLabel  2763
                      00487 ;;; /home/sdcc-builder/build/sdcc-build/orig/sdcc/src/pic14/gen.c:2316:resultRemat *{*
                      00488 ;;; /home/sdcc-builder/build/sdcc-build/orig/sdcc/src/pic14/gen.c:2528:genEndFunction *{*
                      00489 ;; ***  genEndFunction  2530
0008   0008           00490         RETURN  
                      00491 ; exit point of _TMR0_Start
                      00492 ;;; /home/sdcc-builder/build/sdcc-build/orig/sdcc/src/pic14/gen.c:7426:genpic14Code *{*
                      00493 
                      00494 ;***
                      00495 ;  pBlock Stats: dbName = C
                      00496 ;***
                      00497 ;entry:  _TMR0_Init     ;Function start
                      00498 ; 2 exit points
                      00499 ;has an exit
                      00500 ;; Starting pCode block
                      00501 ;;; /home/sdcc-builder/build/sdcc-build/orig/sdcc/src/pic14/gen.c:2316:resultRemat *{*
                      00502 ;;; /home/sdcc-builder/build/sdcc-build/orig/sdcc/src/pic14/gen.c:2760:genLabel *{*
                      00503 ;; ***  genLabel  2763
                      00504 ;;; /home/sdcc-builder/build/sdcc-build/orig/sdcc/src/pic14/gen.c:2316:resultRemat *{*
                      00505 ;;; /home/sdcc-builder/build/sdcc-build/orig/sdcc/src/pic14/gen.c:2340:genFunction *{*
                      00506 ;; ***  genFunction  2342 curr label offset=0previous max_key=0 
0009                  00507 _TMR0_Init      ;Function start
                      00508 ; 2 exit points
                      00509 ;;; /home/sdcc-builder/build/sdcc-build/orig/sdcc/src/pic14/gen.c:2316:resultRemat *{*
                      00510 ;;; /home/sdcc-builder/build/sdcc-build/orig/sdcc/src/pic14/gen.c:2316:resultRemat *{*
                      00511 ;;; /home/sdcc-builder/build/sdcc-build/orig/sdcc/src/pic14/gen.c:6686:genPointerSet *{*
                      00512 ;; ***  genPointerSet  6687
                      00513 ;;; /home/sdcc-builder/build/sdcc-build/orig/sdcc/src/pic14/gen.c:6505:genNearPointerSet *{*
                      00514 ;; ***  genNearPointerSet  6506
                      00515 ;;      613
gpasm-1.4.0 #1106 (Oct  6 2014) obj\Debug\tim   6-23-2020  11:52:02         PAGE 11


LOC    OBJECT CODE    LINE  SOURCE TEXT
  VALUE

                      00516 ;;      aopForRemat 392
                      00517 ;;      418: rname _OPTION_REGbits, val 0, const = 0
                      00518 ;; ***  genNearPointerSet  6521
                      00519 ;;      833: aopGet AOP_PCODE type PO_IMMEDIATE
                      00520 ;;      _OPTION_REGbits
                      00521 ;;      line = 6523 result AOP_PCODE=_OPTION_REGbits, size=2, left -=-, size=0, right AOP_LIT=0x01, size
                            =1
                      00522 ;;; /home/sdcc-builder/build/sdcc-build/orig/sdcc/src/pic14/gen.c:6249:genPackBits *{*
                      00523 ;; ***  genPackBits  6250
                      00524 ;;      833: aopGet AOP_PCODE type PO_IMMEDIATE
                      00525 ;;      _OPTION_REGbits
                      00526 ;; >>> /home/sdcc-builder/build/sdcc-build/orig/sdcc/src/pic14/gen.c:6275:genPackBits
                      00527         .line   33; "timer0.c"  TMR0_SET_STATE(1);          // TMR0 is off
0009   ???? ????      00528         BANKSEL _OPTION_REGbits
000B   16??           00529         BSF     _OPTION_REGbits,5
                      00530 ;;; /home/sdcc-builder/build/sdcc-build/orig/sdcc/src/pic14/gen.c:2316:resultRemat *{*
                      00531 ;;; /home/sdcc-builder/build/sdcc-build/orig/sdcc/src/pic14/gen.c:2316:resultRemat *{*
                      00532 ;;; /home/sdcc-builder/build/sdcc-build/orig/sdcc/src/pic14/gen.c:6686:genPointerSet *{*
                      00533 ;; ***  genPointerSet  6687
                      00534 ;;; /home/sdcc-builder/build/sdcc-build/orig/sdcc/src/pic14/gen.c:6505:genNearPointerSet *{*
                      00535 ;; ***  genNearPointerSet  6506
                      00536 ;;      613
                      00537 ;;      aopForRemat 392
                      00538 ;;      418: rname _OPTION_REGbits, val 0, const = 0
                      00539 ;; ***  genNearPointerSet  6521
                      00540 ;;      833: aopGet AOP_PCODE type PO_IMMEDIATE
                      00541 ;;      _OPTION_REGbits
                      00542 ;;      line = 6523 result AOP_PCODE=_OPTION_REGbits, size=2, left -=-, size=0, right AOP_LIT=0x00, size
                            =1
                      00543 ;;; /home/sdcc-builder/build/sdcc-build/orig/sdcc/src/pic14/gen.c:6249:genPackBits *{*
                      00544 ;; ***  genPackBits  6250
                      00545 ;;      833: aopGet AOP_PCODE type PO_IMMEDIATE
                      00546 ;;      _OPTION_REGbits
                      00547 ;; >>> /home/sdcc-builder/build/sdcc-build/orig/sdcc/src/pic14/gen.c:6275:genPackBits
                      00548         .line   34; "timer0.c"  TMR0_SET_PRE_SCALER(7);     // N = 256
000C   11??           00549         BCF     _OPTION_REGbits,3
                      00550 ;;; /home/sdcc-builder/build/sdcc-build/orig/sdcc/src/pic14/gen.c:2316:resultRemat *{*
                      00551 ;;; /home/sdcc-builder/build/sdcc-build/orig/sdcc/src/pic14/gen.c:2316:resultRemat *{*
                      00552 ;;; /home/sdcc-builder/build/sdcc-build/orig/sdcc/src/pic14/gen.c:6686:genPointerSet *{*
                      00553 ;; ***  genPointerSet  6687
                      00554 ;;; /home/sdcc-builder/build/sdcc-build/orig/sdcc/src/pic14/gen.c:6505:genNearPointerSet *{*
                      00555 ;; ***  genNearPointerSet  6506
                      00556 ;;      613
                      00557 ;;      aopForRemat 392
                      00558 ;;      418: rname _OPTION_REGbits, val 0, const = 0
                      00559 ;; ***  genNearPointerSet  6521
                      00560 ;;      833: aopGet AOP_PCODE type PO_IMMEDIATE
                      00561 ;;      _OPTION_REGbits
                      00562 ;;      line = 6523 result AOP_PCODE=_OPTION_REGbits, size=2, left -=-, size=0, right AOP_LIT=0x01, size
                            =1
                      00563 ;;; /home/sdcc-builder/build/sdcc-build/orig/sdcc/src/pic14/gen.c:6249:genPackBits *{*
                      00564 ;; ***  genPackBits  6250
                      00565 ;;      833: aopGet AOP_PCODE type PO_IMMEDIATE
gpasm-1.4.0 #1106 (Oct  6 2014) obj\Debug\tim   6-23-2020  11:52:02         PAGE 12


LOC    OBJECT CODE    LINE  SOURCE TEXT
  VALUE

                      00566 ;;      _OPTION_REGbits
                      00567 ;; >>> /home/sdcc-builder/build/sdcc-build/orig/sdcc/src/pic14/gen.c:6275:genPackBits
000D   14??           00568         BSF     _OPTION_REGbits,0
                      00569 ;;; /home/sdcc-builder/build/sdcc-build/orig/sdcc/src/pic14/gen.c:2316:resultRemat *{*
                      00570 ;;; /home/sdcc-builder/build/sdcc-build/orig/sdcc/src/pic14/gen.c:2316:resultRemat *{*
                      00571 ;;; /home/sdcc-builder/build/sdcc-build/orig/sdcc/src/pic14/gen.c:6686:genPointerSet *{*
                      00572 ;; ***  genPointerSet  6687
                      00573 ;;; /home/sdcc-builder/build/sdcc-build/orig/sdcc/src/pic14/gen.c:6505:genNearPointerSet *{*
                      00574 ;; ***  genNearPointerSet  6506
                      00575 ;;      613
                      00576 ;;      aopForRemat 392
                      00577 ;;      418: rname _OPTION_REGbits, val 0, const = 0
                      00578 ;; ***  genNearPointerSet  6521
                      00579 ;;      833: aopGet AOP_PCODE type PO_IMMEDIATE
                      00580 ;;      _OPTION_REGbits
                      00581 ;;      line = 6523 result AOP_PCODE=_OPTION_REGbits, size=2, left -=-, size=0, right AOP_LIT=0x01, size
                            =1
                      00582 ;;; /home/sdcc-builder/build/sdcc-build/orig/sdcc/src/pic14/gen.c:6249:genPackBits *{*
                      00583 ;; ***  genPackBits  6250
                      00584 ;;      833: aopGet AOP_PCODE type PO_IMMEDIATE
                      00585 ;;      _OPTION_REGbits
                      00586 ;; >>> /home/sdcc-builder/build/sdcc-build/orig/sdcc/src/pic14/gen.c:6275:genPackBits
000E   14??           00587         BSF     _OPTION_REGbits,1
                      00588 ;;; /home/sdcc-builder/build/sdcc-build/orig/sdcc/src/pic14/gen.c:2316:resultRemat *{*
                      00589 ;;; /home/sdcc-builder/build/sdcc-build/orig/sdcc/src/pic14/gen.c:2316:resultRemat *{*
                      00590 ;;; /home/sdcc-builder/build/sdcc-build/orig/sdcc/src/pic14/gen.c:6686:genPointerSet *{*
                      00591 ;; ***  genPointerSet  6687
                      00592 ;;; /home/sdcc-builder/build/sdcc-build/orig/sdcc/src/pic14/gen.c:6505:genNearPointerSet *{*
                      00593 ;; ***  genNearPointerSet  6506
                      00594 ;;      613
                      00595 ;;      aopForRemat 392
                      00596 ;;      418: rname _OPTION_REGbits, val 0, const = 0
                      00597 ;; ***  genNearPointerSet  6521
                      00598 ;;      833: aopGet AOP_PCODE type PO_IMMEDIATE
                      00599 ;;      _OPTION_REGbits
                      00600 ;;      line = 6523 result AOP_PCODE=_OPTION_REGbits, size=2, left -=-, size=0, right AOP_LIT=0x01, size
                            =1
                      00601 ;;; /home/sdcc-builder/build/sdcc-build/orig/sdcc/src/pic14/gen.c:6249:genPackBits *{*
                      00602 ;; ***  genPackBits  6250
                      00603 ;;      833: aopGet AOP_PCODE type PO_IMMEDIATE
                      00604 ;;      _OPTION_REGbits
                      00605 ;; >>> /home/sdcc-builder/build/sdcc-build/orig/sdcc/src/pic14/gen.c:6275:genPackBits
000F   15??           00606         BSF     _OPTION_REGbits,2
                      00607 ;;; /home/sdcc-builder/build/sdcc-build/orig/sdcc/src/pic14/gen.c:2316:resultRemat *{*
                      00608 ;;; /home/sdcc-builder/build/sdcc-build/orig/sdcc/src/pic14/gen.c:2760:genLabel *{*
                      00609 ;; ***  genLabel  2763
                      00610 ;;; /home/sdcc-builder/build/sdcc-build/orig/sdcc/src/pic14/gen.c:2316:resultRemat *{*
                      00611 ;;; /home/sdcc-builder/build/sdcc-build/orig/sdcc/src/pic14/gen.c:2528:genEndFunction *{*
                      00612 ;; ***  genEndFunction  2530
0010   0008           00613         RETURN  
                      00614 ; exit point of _TMR0_Init
                      00615 ;;; /home/sdcc-builder/build/sdcc-build/orig/sdcc/src/pic14/gen.c:7426:genpic14Code *{*
                      00616 
gpasm-1.4.0 #1106 (Oct  6 2014) obj\Debug\tim   6-23-2020  11:52:02         PAGE 13


LOC    OBJECT CODE    LINE  SOURCE TEXT
  VALUE

                      00617 
                      00618 ;       code size estimation:
                      00619 ;          43+   15 =    58 instructions (  146 byte)
                      00620 
                      00621         end
gpasm-1.4.0 #1106 (Oct  6 2014) obj\Debug\tim   6-23-2020  11:52:02         PAGE 14


SYMBOL TABLE
  LABEL                             VALUE

ACKDT                             00000005
ACKEN                             00000004
ACKSTAT                           00000006
ADCON0                            0000001F
ADCON1                            0000009F
ADCS0                             00000006
ADCS1                             00000007
ADCS2                             00000006
ADDEN                             00000003
ADFM                              00000007
ADIE                              00000006
ADIF                              00000006
ADON                              00000000
ADRESH                            0000001E
ADRESL                            0000009E
BCLIE                             00000003
BCLIF                             00000003
BF                                00000000
BRGH                              00000002
C                                 00000000
C1INV                             00000004
C1OUT                             00000006
C2INV                             00000005
C2OUT                             00000007
CCP1CON                           00000017
CCP1IE                            00000002
CCP1IF                            00000002
CCP1M0                            00000000
CCP1M1                            00000001
CCP1M2                            00000002
CCP1M3                            00000003
CCP1X                             00000005
CCP1Y                             00000004
CCP2CON                           0000001D
CCP2IE                            00000000
CCP2IF                            00000000
CCP2M0                            00000000
CCP2M1                            00000001
CCP2M2                            00000002
CCP2M3                            00000003
CCP2X                             00000005
CCP2Y                             00000004
CCPR1                             00000015
CCPR1H                            00000016
CCPR1L                            00000015
CCPR2                             0000001B
CCPR2H                            0000001C
CCPR2L                            0000001B
CHS0                              00000003
CHS1                              00000004
CHS2                              00000005
CIS                               00000003
CKE                               00000006
gpasm-1.4.0 #1106 (Oct  6 2014) obj\Debug\tim   6-23-2020  11:52:02         PAGE 15


SYMBOL TABLE
  LABEL                             VALUE 

CKP                               00000004
CM0                               00000000
CM1                               00000001
CM2                               00000002
CMCON                             0000009C
CMIE                              00000006
CMIF                              00000006
CREN                              00000004
CSRC                              00000007
CVR0                              00000000
CVR1                              00000001
CVR2                              00000002
CVR3                              00000003
CVRCON                            0000009D
CVREN                             00000007
CVROE                             00000006
CVRR                              00000005
D                                 00000005
DATA_ADDRESS                      00000005
DC                                00000001
D_A                               00000005
D_NOT_A                           00000005
EEADR                             0000010D
EEADRH                            0000010F
EECON1                            0000018C
EECON2                            0000018D
EEDATA                            0000010C
EEDATH                            0000010E
EEIE                              00000004
EEIF                              00000004
EEPGD                             00000007
END_OF_INTERRUPT                  0000003B
F                                 00000001
FERR                              00000002
FSR                               00000004
GCEN                              00000007
GIE                               00000007
GO                                00000002
GO_DONE                           00000002
GO_NOT_DONE                       00000002
I2C_DATA                          00000005
I2C_READ                          00000002
I2C_START                         00000003
I2C_STOP                          00000004
IBF                               00000007
IBOV                              00000005
INDF                              00000000
INTCON                            0000000B
INTE                              00000004
INTEDG                            00000006
INTF                              00000001
IRP                               00000007
NOT_A                             00000005
gpasm-1.4.0 #1106 (Oct  6 2014) obj\Debug\tim   6-23-2020  11:52:02         PAGE 16


SYMBOL TABLE
  LABEL                             VALUE 

NOT_ADDRESS                       00000005
NOT_BO                            00000000
NOT_BOR                           00000000
NOT_DONE                          00000002
NOT_PD                            00000003
NOT_POR                           00000001
NOT_RBPU                          00000007
NOT_RC8                           00000006
NOT_T1SYNC                        00000002
NOT_TO                            00000004
NOT_TX8                           00000006
NOT_W                             00000002
NOT_WRITE                         00000002
OBF                               00000006
OERR                              00000001
OPTION_REG                        00000081
P                                 00000004
PCFG0                             00000000
PCFG1                             00000001
PCFG2                             00000002
PCFG3                             00000003
PCL                               00000002
PCLATH                            0000000A
PCON                              0000008E
PEIE                              00000006
PEN                               00000002
PIE1                              0000008C
PIE2                              0000008D
PIR1                              0000000C
PIR2                              0000000D
PORTA                             00000005
PORTB                             00000006
PORTC                             00000007
PORTD                             00000008
PORTE                             00000009
PR2                               00000092
PS0                               00000000
PS1                               00000001
PS2                               00000002
PSA                               00000003
PSAVE                             00000000
PSPIE                             00000007
PSPIF                             00000007
PSPMODE                           00000004
R                                 00000002
RA0                               00000000
RA1                               00000001
RA2                               00000002
RA3                               00000003
RA4                               00000004
RA5                               00000005
RB0                               00000000
RB1                               00000001
gpasm-1.4.0 #1106 (Oct  6 2014) obj\Debug\tim   6-23-2020  11:52:02         PAGE 17


SYMBOL TABLE
  LABEL                             VALUE 

RB2                               00000002
RB3                               00000003
RB4                               00000004
RB5                               00000005
RB6                               00000006
RB7                               00000007
RBIE                              00000003
RBIF                              00000000
RC0                               00000000
RC1                               00000001
RC2                               00000002
RC3                               00000003
RC4                               00000004
RC5                               00000005
RC6                               00000006
RC7                               00000007
RC8_9                             00000006
RC9                               00000006
RCD8                              00000000
RCEN                              00000003
RCIE                              00000005
RCIF                              00000005
RCREG                             0000001A
RCSTA                             00000018
RD                                00000000
RD0                               00000000
RD1                               00000001
RD2                               00000002
RD3                               00000003
RD4                               00000004
RD5                               00000005
RD6                               00000006
RD7                               00000007
RE0                               00000000
RE1                               00000001
RE2                               00000002
READ_WRITE                        00000002
RP0                               00000005
RP1                               00000006
RSEN                              00000001
RX9                               00000006
RX9D                              00000000
R_NOT_W                           00000002
R_W                               00000002
S                                 00000003
SEN                               00000000
SMP                               00000007
SPBRG                             00000099
SPEN                              00000007
SREN                              00000005
SSAVE                             00000000
SSPADD                            00000093
SSPBUF                            00000013
gpasm-1.4.0 #1106 (Oct  6 2014) obj\Debug\tim   6-23-2020  11:52:02         PAGE 18


SYMBOL TABLE
  LABEL                             VALUE 

SSPCON                            00000014
SSPCON2                           00000091
SSPEN                             00000005
SSPIE                             00000003
SSPIF                             00000003
SSPM0                             00000000
SSPM1                             00000001
SSPM2                             00000002
SSPM3                             00000003
SSPOV                             00000006
SSPSTAT                           00000094
STATUS                            00000003
STK00                             00000000
STK01                             00000000
STK02                             00000000
STK03                             00000000
STK04                             00000000
STK05                             00000000
STK06                             00000000
STK07                             00000000
STK08                             00000000
STK09                             00000000
STK10                             00000000
STK11                             00000000
STK12                             00000000
SYNC                              00000004
T0CS                              00000005
T0IE                              00000005
T0IF                              00000002
T0SE                              00000004
T1CKPS0                           00000004
T1CKPS1                           00000005
T1CON                             00000010
T1INSYNC                          00000002
T1OSCEN                           00000003
T1SYNC                            00000002
T2CKPS0                           00000000
T2CKPS1                           00000001
T2CON                             00000012
TMR0                              00000001
TMR0IE                            00000005
TMR0IF                            00000002
TMR1                              0000000E
TMR1CS                            00000001
TMR1H                             0000000F
TMR1IE                            00000000
TMR1IF                            00000000
TMR1L                             0000000E
TMR1ON                            00000000
TMR2                              00000011
TMR2IE                            00000001
TMR2IF                            00000001
TMR2ON                            00000002
gpasm-1.4.0 #1106 (Oct  6 2014) obj\Debug\tim   6-23-2020  11:52:02         PAGE 19


SYMBOL TABLE
  LABEL                             VALUE 

TOUTPS0                           00000003
TOUTPS1                           00000004
TOUTPS2                           00000005
TOUTPS3                           00000006
TRISA                             00000085
TRISA0                            00000000
TRISA1                            00000001
TRISA2                            00000002
TRISA3                            00000003
TRISA4                            00000004
TRISA5                            00000005
TRISB                             00000086
TRISB0                            00000000
TRISB1                            00000001
TRISB2                            00000002
TRISB3                            00000003
TRISB4                            00000004
TRISB5                            00000005
TRISB6                            00000006
TRISB7                            00000007
TRISC                             00000087
TRISC0                            00000000
TRISC1                            00000001
TRISC2                            00000002
TRISC3                            00000003
TRISC4                            00000004
TRISC5                            00000005
TRISC6                            00000006
TRISC7                            00000007
TRISD                             00000088
TRISD0                            00000000
TRISD1                            00000001
TRISD2                            00000002
TRISD3                            00000003
TRISD4                            00000004
TRISD5                            00000005
TRISD6                            00000006
TRISD7                            00000007
TRISE                             00000089
TRISE0                            00000000
TRISE1                            00000001
TRISE2                            00000002
TRMT                              00000001
TX8_9                             00000006
TX9                               00000006
TX9D                              00000000
TXD8                              00000000
TXEN                              00000005
TXIE                              00000004
TXIF                              00000004
TXREG                             00000019
TXSTA                             00000098
UA                                00000001
gpasm-1.4.0 #1106 (Oct  6 2014) obj\Debug\tim   6-23-2020  11:52:02         PAGE 20


SYMBOL TABLE
  LABEL                             VALUE 

W                                 00000000
WCOL                              00000007
WR                                00000001
WREN                              00000002
WRERR                             00000003
WSAVE                             00000000
Z                                 00000002
_00114_DS_                        00000024
_ADCON0                           00000000
_ADCON0bits                       00000000
_ADCON1                           00000000
_ADCON1bits                       00000000
_ADRESH                           00000000
_ADRESL                           00000000
_BODEN_OFF                        00003FBF
_BODEN_ON                         00003FFF
_BOREN_OFF                        00003FBF
_BOREN_ON                         00003FFF
_CCP1CON                          00000000
_CCP1CONbits                      00000000
_CCP2CON                          00000000
_CCP2CONbits                      00000000
_CCPR1                            00000000
_CCPR1H                           00000000
_CCPR1L                           00000000
_CCPR2                            00000000
_CCPR2H                           00000000
_CCPR2L                           00000000
_CMCON                            00000000
_CMCONbits                        00000000
_CNT_Init                         00000000
_CNT_Update                       00000000
_CONFIG                           00002007
_CPD_OFF                          00003FFF
_CPD_ON                           00003EFF
_CP_ALL                           00001FFF
_CP_OFF                           00003FFF
_CP_ON                            00001FFF
_CVRCON                           00000000
_CVRCONbits                       00000000
_DEBUG_OFF                        00003FFF
_DEBUG_ON                         000037FF
_DEVID1                           00002006
_EEADR                            00000000
_EEADRH                           00000000
_EECON1                           00000000
_EECON1bits                       00000000
_EECON2                           00000000
_EEDATA                           00000000
_EEDATH                           00000000
_FOSC_EXTRC                       00003FFF
_FOSC_HS                          00003FFE
_FOSC_LP                          00003FFC
gpasm-1.4.0 #1106 (Oct  6 2014) obj\Debug\tim   6-23-2020  11:52:02         PAGE 21


SYMBOL TABLE
  LABEL                             VALUE 

_FOSC_XT                          00003FFD
_FSR                              00000000
_HS_OSC                           00003FFE
_IDLOC0                           00002000
_IDLOC1                           00002001
_IDLOC2                           00002002
_IDLOC3                           00002003
_INDF                             00000000
_INTCON                           00000000
_INTCONbits                       00000000
_LP_OSC                           00003FFC
_LVP_OFF                          00003F7F
_LVP_ON                           00003FFF
_OPTION_REG                       00000000
_OPTION_REGbits                   00000000
_PB_GetState                      00000000
_PB_Init                          00000000
_PB_Update                        00000000
_PCL                              00000000
_PCLATH                           00000000
_PCON                             00000000
_PCONbits                         00000000
_PIE1                             00000000
_PIE1bits                         00000000
_PIE2                             00000000
_PIE2bits                         00000000
_PIR1                             00000000
_PIR1bits                         00000000
_PIR2                             00000000
_PIR2bits                         00000000
_PORTA                            00000000
_PORTAbits                        00000000
_PORTB                            00000000
_PORTBbits                        00000000
_PORTC                            00000000
_PORTCbits                        00000000
_PORTD                            00000000
_PORTDbits                        00000000
_PORTE                            00000000
_PORTEbits                        00000000
_PR2                              00000000
_PWRTE_OFF                        00003FFF
_PWRTE_ON                         00003FF7
_RCREG                            00000000
_RCSTA                            00000000
_RCSTAbits                        00000000
_RC_OSC                           00003FFF
_SPBRG                            00000000
_SSD_GetState                     00000000
_SSD_GetSymbol                    00000000
_SSD_Init                         00000000
_SSD_SetState                     00000000
_SSD_SetSymbol                    00000000
gpasm-1.4.0 #1106 (Oct  6 2014) obj\Debug\tim   6-23-2020  11:52:02         PAGE 22


SYMBOL TABLE
  LABEL                             VALUE 

_SSD_Update                       00000000
_SSPADD                           00000000
_SSPBUF                           00000000
_SSPCON                           00000000
_SSPCON2                          00000000
_SSPCON2bits                      00000000
_SSPCONbits                       00000000
_SSPSTAT                          00000000
_SSPSTATbits                      00000000
_STATUS                           00000000
_STATUSbits                       00000000
_T1CON                            00000000
_T1CONbits                        00000000
_T2CON                            00000000
_T2CONbits                        00000000
_TMR0                             00000000
_TMR0_Init                        00000009
_TMR0_Start                       00000000
_TMR0_Update                      00000004
_TMR0_Update_counter_1_20         00000000
_TMR1                             00000000
_TMR1H                            00000000
_TMR1L                            00000000
_TMR2                             00000000
_TRISA                            00000000
_TRISAbits                        00000000
_TRISB                            00000000
_TRISBbits                        00000000
_TRISC                            00000000
_TRISCbits                        00000000
_TRISD                            00000000
_TRISDbits                        00000000
_TRISE                            00000000
_TRISEbits                        00000000
_TXREG                            00000000
_TXSTA                            00000000
_TXSTAbits                        00000000
_WDTE_OFF                         00003FFB
_WDTE_ON                          00003FFF
_WDT_OFF                          00003FFB
_WDT_ON                           00003FFF
_WRT_1FOURTH                      00003BFF
_WRT_256                          00003DFF
_WRT_HALF                         000039FF
_WRT_OFF                          00003FFF
_XT_OSC                           00003FFD
__16F877A                         00000001
__CODE_END                        00001FFF
__CODE_START                      00000000
__COMMON_RAM_END                  0000007F
__COMMON_RAM_START                00000070
__EEPROM_END                      000021FF
__EEPROM_START                    00002100
gpasm-1.4.0 #1106 (Oct  6 2014) obj\Debug\tim   6-23-2020  11:52:02         PAGE 23


SYMBOL TABLE
  LABEL                             VALUE 

__VECTOR_INT                      00000004
__VECTOR_RESET                    00000000
___sdcc_saved_fsr                 00000000
__sdcc_interrupt                  00000004
_c_interrupt_001A                 0000001A
_c_interrupt_001F                 0000001F
_c_interrupt_0027                 00000027

Errors   :     0
Warnings :     0 reported,     0 suppressed
Messages :     0 reported,     0 suppressed

